2024-06-20 21:45:51 - val epoch: 235, loss: 0.5358
2024-06-20 21:45:53 - train: epoch 236, iter:0, loss: 0.3381, lr: 0.00021404630011522595
2024-06-20 21:46:22 - train: epoch 236, iter:20, loss: 0.3319, lr: 0.00021404630011522595
2024-06-20 21:46:51 - train: epoch 236, iter:40, loss: 0.3368, lr: 0.00021404630011522595
2024-06-20 21:47:20 - train: epoch 236, iter:60, loss: 0.3377, lr: 0.00021404630011522595
2024-06-20 21:47:49 - train: epoch 236, iter:80, loss: 0.3397, lr: 0.00021404630011522595
2024-06-20 21:48:19 - train: epoch 236, iter:100, loss: 0.3412, lr: 0.00021404630011522595
2024-06-20 21:51:28 - val epoch: 236, loss: 0.5313
2024-06-20 21:51:30 - train: epoch 237, iter:0, loss: 0.3588, lr: 0.0001894751250743989
2024-06-20 21:51:59 - train: epoch 237, iter:20, loss: 0.3498, lr: 0.0001894751250743989
2024-06-20 21:52:28 - train: epoch 237, iter:40, loss: 0.3432, lr: 0.0001894751250743989
2024-06-20 21:52:58 - train: epoch 237, iter:60, loss: 0.3398, lr: 0.0001894751250743989
2024-06-20 21:53:27 - train: epoch 237, iter:80, loss: 0.3386, lr: 0.0001894751250743989
2024-06-20 21:53:56 - train: epoch 237, iter:100, loss: 0.3401, lr: 0.0001894751250743989
2024-06-20 21:57:04 - val epoch: 237, loss: 0.5295
2024-06-20 21:57:06 - train: epoch 238, iter:0, loss: 0.3431, lr: 0.00016614918256529953
2024-06-20 21:57:35 - train: epoch 238, iter:20, loss: 0.3348, lr: 0.00016614918256529953
2024-06-20 21:58:04 - train: epoch 238, iter:40, loss: 0.3346, lr: 0.00016614918256529953
2024-06-20 21:58:33 - train: epoch 238, iter:60, loss: 0.3377, lr: 0.00016614918256529953
2024-06-20 21:59:02 - train: epoch 238, iter:80, loss: 0.3357, lr: 0.00016614918256529953
2024-06-20 21:59:31 - train: epoch 238, iter:100, loss: 0.3355, lr: 0.00016614918256529953
2024-06-20 22:02:39 - val epoch: 238, loss: 0.5337
2024-06-20 22:02:41 - train: epoch 239, iter:0, loss: 0.3408, lr: 0.0001441605294264018
2024-06-20 22:03:10 - train: epoch 239, iter:20, loss: 0.3369, lr: 0.0001441605294264018
2024-06-20 22:03:39 - train: epoch 239, iter:40, loss: 0.3335, lr: 0.0001441605294264018
2024-06-20 22:04:09 - train: epoch 239, iter:60, loss: 0.3345, lr: 0.0001441605294264018
2024-06-20 22:04:37 - train: epoch 239, iter:80, loss: 0.3343, lr: 0.0001441605294264018
2024-06-20 22:05:06 - train: epoch 239, iter:100, loss: 0.3315, lr: 0.0001441605294264018
2024-06-20 22:08:14 - val epoch: 239, loss: 0.5414
2024-06-20 22:08:17 - train: epoch 240, iter:0, loss: 0.3177, lr: 0.00012359594482598497
2024-06-20 22:08:45 - train: epoch 240, iter:20, loss: 0.3289, lr: 0.00012359594482598497
2024-06-20 22:09:14 - train: epoch 240, iter:40, loss: 0.3314, lr: 0.00012359594482598497
2024-06-20 22:09:44 - train: epoch 240, iter:60, loss: 0.3336, lr: 0.00012359594482598497
2024-06-20 22:10:13 - train: epoch 240, iter:80, loss: 0.3315, lr: 0.00012359594482598497
2024-06-20 22:10:42 - train: epoch 240, iter:100, loss: 0.3332, lr: 0.00012359594482598497
2024-06-20 22:13:54 - val epoch: 240, loss: 0.5384, miou: 0.8454064523762308, f1_or_dsc: 0.9162279142219821, accuracy: 0.965161031204031,                 specificity: 0.9761733044376923, sensitivity: 0.9228324057241839, confusion_matrix: [[44217975  1079284]
 [  909389 10875208]]
2024-06-20 22:13:56 - train: epoch 241, iter:0, loss: 0.3347, lr: 0.00010453658778440172
2024-06-20 22:14:25 - train: epoch 241, iter:20, loss: 0.3230, lr: 0.00010453658778440172
2024-06-20 22:14:54 - train: epoch 241, iter:40, loss: 0.3211, lr: 0.00010453658778440172
2024-06-20 22:15:23 - train: epoch 241, iter:60, loss: 0.3226, lr: 0.00010453658778440172
2024-06-20 22:15:52 - train: epoch 241, iter:80, loss: 0.3258, lr: 0.00010453658778440172
2024-06-20 22:16:21 - train: epoch 241, iter:100, loss: 0.3284, lr: 0.00010453658778440172
2024-06-20 22:19:30 - val epoch: 241, loss: 0.5340
2024-06-20 22:19:32 - train: epoch 242, iter:0, loss: 0.3341, lr: 8.705767687650232e-05
2024-06-20 22:20:01 - train: epoch 242, iter:20, loss: 0.3174, lr: 8.705767687650232e-05
2024-06-20 22:20:30 - train: epoch 242, iter:40, loss: 0.3200, lr: 8.705767687650232e-05
2024-06-20 22:20:59 - train: epoch 242, iter:60, loss: 0.3197, lr: 8.705767687650232e-05
2024-06-20 22:21:28 - train: epoch 242, iter:80, loss: 0.3212, lr: 8.705767687650232e-05
2024-06-20 22:21:58 - train: epoch 242, iter:100, loss: 0.3243, lr: 8.705767687650232e-05
2024-06-20 22:25:06 - val epoch: 242, loss: 0.5390
2024-06-20 22:25:08 - train: epoch 243, iter:0, loss: 0.3467, lr: 7.122819337828741e-05
2024-06-20 22:25:38 - train: epoch 243, iter:20, loss: 0.3361, lr: 7.122819337828741e-05
2024-06-20 22:26:07 - train: epoch 243, iter:40, loss: 0.3297, lr: 7.122819337828741e-05
2024-06-20 22:26:36 - train: epoch 243, iter:60, loss: 0.3275, lr: 7.122819337828741e-05
2024-06-20 22:27:05 - train: epoch 243, iter:80, loss: 0.3281, lr: 7.122819337828741e-05
2024-06-20 22:27:34 - train: epoch 243, iter:100, loss: 0.3278, lr: 7.122819337828741e-05
2024-06-20 22:30:43 - val epoch: 243, loss: 0.5366
2024-06-20 22:30:45 - train: epoch 244, iter:0, loss: 0.3258, lr: 5.711060902932031e-05
2024-06-20 22:31:15 - train: epoch 244, iter:20, loss: 0.3263, lr: 5.711060902932031e-05
2024-06-20 22:31:44 - train: epoch 244, iter:40, loss: 0.3300, lr: 5.711060902932031e-05
2024-06-20 22:32:13 - train: epoch 244, iter:60, loss: 0.3255, lr: 5.711060902932031e-05
2024-06-20 22:32:42 - train: epoch 244, iter:80, loss: 0.3245, lr: 5.711060902932031e-05
2024-06-20 22:33:11 - train: epoch 244, iter:100, loss: 0.3242, lr: 5.711060902932031e-05
2024-06-20 22:36:23 - val epoch: 244, loss: 0.5354
2024-06-20 22:36:25 - train: epoch 245, iter:0, loss: 0.3287, lr: 4.4760639485315584e-05
2024-06-20 22:36:54 - train: epoch 245, iter:20, loss: 0.3206, lr: 4.4760639485315584e-05
2024-06-20 22:37:23 - train: epoch 245, iter:40, loss: 0.3213, lr: 4.4760639485315584e-05
2024-06-20 22:37:52 - train: epoch 245, iter:60, loss: 0.3213, lr: 4.4760639485315584e-05
2024-06-20 22:38:21 - train: epoch 245, iter:80, loss: 0.3234, lr: 4.4760639485315584e-05
2024-06-20 22:38:50 - train: epoch 245, iter:100, loss: 0.3246, lr: 4.4760639485315584e-05
2024-06-20 22:41:51 - val epoch: 245, loss: 0.5357
2024-06-20 22:41:54 - train: epoch 246, iter:0, loss: 0.2913, lr: 3.422702443389906e-05
2024-06-20 22:42:22 - train: epoch 246, iter:20, loss: 0.3201, lr: 3.422702443389906e-05
2024-06-20 22:42:52 - train: epoch 246, iter:40, loss: 0.3215, lr: 3.422702443389906e-05
2024-06-20 22:43:20 - train: epoch 246, iter:60, loss: 0.3220, lr: 3.422702443389906e-05
2024-06-20 22:43:49 - train: epoch 246, iter:80, loss: 0.3234, lr: 3.422702443389906e-05
2024-06-20 22:44:18 - train: epoch 246, iter:100, loss: 0.3238, lr: 3.422702443389906e-05
2024-06-20 22:47:28 - val epoch: 246, loss: 0.5342
2024-06-20 22:47:30 - train: epoch 247, iter:0, loss: 0.3053, lr: 2.5551335241327733e-05
2024-06-20 22:47:59 - train: epoch 247, iter:20, loss: 0.3213, lr: 2.5551335241327733e-05
2024-06-20 22:48:28 - train: epoch 247, iter:40, loss: 0.3170, lr: 2.5551335241327733e-05
2024-06-20 22:48:57 - train: epoch 247, iter:60, loss: 0.3199, lr: 2.5551335241327733e-05
2024-06-20 22:49:27 - train: epoch 247, iter:80, loss: 0.3208, lr: 2.5551335241327733e-05
2024-06-20 22:49:56 - train: epoch 247, iter:100, loss: 0.3228, lr: 2.5551335241327733e-05
2024-06-20 22:53:05 - val epoch: 247, loss: 0.5347
2024-06-20 22:53:07 - train: epoch 248, iter:0, loss: 0.3027, lr: 1.8767810889299255e-05
2024-06-20 22:53:37 - train: epoch 248, iter:20, loss: 0.3135, lr: 1.8767810889299255e-05
2024-06-20 22:54:07 - train: epoch 248, iter:40, loss: 0.3188, lr: 1.8767810889299255e-05
2024-06-20 22:54:36 - train: epoch 248, iter:60, loss: 0.3214, lr: 1.8767810889299255e-05
2024-06-20 22:55:05 - train: epoch 248, iter:80, loss: 0.3233, lr: 1.8767810889299255e-05
2024-06-20 22:55:34 - train: epoch 248, iter:100, loss: 0.3221, lr: 1.8767810889299255e-05
2024-06-20 22:58:47 - val epoch: 248, loss: 0.5368
2024-06-20 22:58:49 - train: epoch 249, iter:0, loss: 0.3303, lr: 1.3903222849333564e-05
2024-06-20 22:59:18 - train: epoch 249, iter:20, loss: 0.3257, lr: 1.3903222849333564e-05
2024-06-20 22:59:47 - train: epoch 249, iter:40, loss: 0.3206, lr: 1.3903222849333564e-05
2024-06-20 23:00:16 - train: epoch 249, iter:60, loss: 0.3196, lr: 1.3903222849333564e-05
2024-06-20 23:00:44 - train: epoch 249, iter:80, loss: 0.3214, lr: 1.3903222849333564e-05
2024-06-20 23:01:13 - train: epoch 249, iter:100, loss: 0.3229, lr: 1.3903222849333564e-05
2024-06-20 23:04:20 - val epoch: 249, loss: 0.5364
2024-06-20 23:04:22 - train: epoch 250, iter:0, loss: 0.3419, lr: 1.0976769428005635e-05
2024-06-20 23:04:51 - train: epoch 250, iter:20, loss: 0.3281, lr: 1.0976769428005635e-05
2024-06-20 23:05:20 - train: epoch 250, iter:40, loss: 0.3307, lr: 1.0976769428005635e-05
2024-06-20 23:05:49 - train: epoch 250, iter:60, loss: 0.3262, lr: 1.0976769428005635e-05
2024-06-20 23:06:17 - train: epoch 250, iter:80, loss: 0.3253, lr: 1.0976769428005635e-05
2024-06-20 23:06:46 - train: epoch 250, iter:100, loss: 0.3250, lr: 1.0976769428005635e-05
2024-06-20 23:09:56 - val epoch: 250, loss: 0.5354
2024-06-20 23:09:58 - train: epoch 251, iter:0, loss: 0.3378, lr: 1e-05
2024-06-20 23:10:27 - train: epoch 251, iter:20, loss: 0.3296, lr: 1e-05
2024-06-20 23:10:56 - train: epoch 251, iter:40, loss: 0.3285, lr: 1e-05
2024-06-20 23:11:25 - train: epoch 251, iter:60, loss: 0.3247, lr: 1e-05
2024-06-20 23:11:53 - train: epoch 251, iter:80, loss: 0.3238, lr: 1e-05
2024-06-20 23:12:22 - train: epoch 251, iter:100, loss: 0.3253, lr: 1e-05
2024-06-20 23:15:31 - val epoch: 251, loss: 0.5348
2024-06-20 23:15:33 - train: epoch 252, iter:0, loss: 0.3286, lr: 1.0976769428005579e-05
2024-06-20 23:16:02 - train: epoch 252, iter:20, loss: 0.3225, lr: 1.0976769428005579e-05
2024-06-20 23:16:30 - train: epoch 252, iter:40, loss: 0.3204, lr: 1.0976769428005579e-05
2024-06-20 23:16:59 - train: epoch 252, iter:60, loss: 0.3246, lr: 1.0976769428005579e-05
2024-06-20 23:17:28 - train: epoch 252, iter:80, loss: 0.3250, lr: 1.0976769428005579e-05
2024-06-20 23:17:58 - train: epoch 252, iter:100, loss: 0.3236, lr: 1.0976769428005579e-05
2024-06-20 23:21:06 - val epoch: 252, loss: 0.5352
2024-06-20 23:21:08 - train: epoch 253, iter:0, loss: 0.2930, lr: 1.3903222849333505e-05
2024-06-20 23:21:37 - train: epoch 253, iter:20, loss: 0.3308, lr: 1.3903222849333505e-05
2024-06-20 23:22:06 - train: epoch 253, iter:40, loss: 0.3268, lr: 1.3903222849333505e-05
2024-06-20 23:22:36 - train: epoch 253, iter:60, loss: 0.3253, lr: 1.3903222849333505e-05
2024-06-20 23:23:05 - train: epoch 253, iter:80, loss: 0.3230, lr: 1.3903222849333505e-05
2024-06-20 23:23:34 - train: epoch 253, iter:100, loss: 0.3233, lr: 1.3903222849333505e-05
2024-06-20 23:26:43 - val epoch: 253, loss: 0.5354
2024-06-20 23:26:45 - train: epoch 254, iter:0, loss: 0.3220, lr: 1.8767810889299133e-05
2024-06-20 23:27:13 - train: epoch 254, iter:20, loss: 0.3254, lr: 1.8767810889299133e-05
2024-06-20 23:27:42 - train: epoch 254, iter:40, loss: 0.3275, lr: 1.8767810889299133e-05
2024-06-20 23:28:11 - train: epoch 254, iter:60, loss: 0.3246, lr: 1.8767810889299133e-05
2024-06-20 23:28:41 - train: epoch 254, iter:80, loss: 0.3249, lr: 1.8767810889299133e-05
2024-06-20 23:29:10 - train: epoch 254, iter:100, loss: 0.3247, lr: 1.8767810889299133e-05
2024-06-20 23:32:19 - val epoch: 254, loss: 0.5355
2024-06-20 23:32:21 - train: epoch 255, iter:0, loss: 0.2920, lr: 2.555133524132755e-05
2024-06-20 23:32:49 - train: epoch 255, iter:20, loss: 0.3132, lr: 2.555133524132755e-05
2024-06-20 23:33:18 - train: epoch 255, iter:40, loss: 0.3210, lr: 2.555133524132755e-05
2024-06-20 23:33:48 - train: epoch 255, iter:60, loss: 0.3239, lr: 2.555133524132755e-05
2024-06-20 23:34:16 - train: epoch 255, iter:80, loss: 0.3215, lr: 2.555133524132755e-05
2024-06-20 23:34:46 - train: epoch 255, iter:100, loss: 0.3215, lr: 2.555133524132755e-05
2024-06-20 23:37:52 - val epoch: 255, loss: 0.5348
2024-06-20 23:37:55 - train: epoch 256, iter:0, loss: 0.3017, lr: 3.422702443389915e-05
2024-06-20 23:38:24 - train: epoch 256, iter:20, loss: 0.3339, lr: 3.422702443389915e-05
2024-06-20 23:38:53 - train: epoch 256, iter:40, loss: 0.3250, lr: 3.422702443389915e-05
2024-06-20 23:39:21 - train: epoch 256, iter:60, loss: 0.3253, lr: 3.422702443389915e-05
2024-06-20 23:39:50 - train: epoch 256, iter:80, loss: 0.3241, lr: 3.422702443389915e-05
2024-06-20 23:40:20 - train: epoch 256, iter:100, loss: 0.3232, lr: 3.422702443389915e-05
2024-06-20 23:43:26 - val epoch: 256, loss: 0.5374
2024-06-20 23:43:29 - train: epoch 257, iter:0, loss: 0.3583, lr: 4.4760639485315665e-05
2024-06-20 23:43:58 - train: epoch 257, iter:20, loss: 0.3279, lr: 4.4760639485315665e-05
2024-06-20 23:44:27 - train: epoch 257, iter:40, loss: 0.3274, lr: 4.4760639485315665e-05
2024-06-20 23:44:57 - train: epoch 257, iter:60, loss: 0.3266, lr: 4.4760639485315665e-05
2024-06-20 23:45:26 - train: epoch 257, iter:80, loss: 0.3251, lr: 4.4760639485315665e-05
2024-06-20 23:45:55 - train: epoch 257, iter:100, loss: 0.3239, lr: 4.4760639485315665e-05
2024-06-20 23:49:02 - val epoch: 257, loss: 0.5370
2024-06-20 23:49:04 - train: epoch 258, iter:0, loss: 0.3354, lr: 5.7110609029320384e-05
2024-06-20 23:49:33 - train: epoch 258, iter:20, loss: 0.3144, lr: 5.7110609029320384e-05
2024-06-20 23:50:02 - train: epoch 258, iter:40, loss: 0.3171, lr: 5.7110609029320384e-05
2024-06-20 23:50:31 - train: epoch 258, iter:60, loss: 0.3200, lr: 5.7110609029320384e-05
2024-06-20 23:51:00 - train: epoch 258, iter:80, loss: 0.3216, lr: 5.7110609029320384e-05
2024-06-20 23:51:28 - train: epoch 258, iter:100, loss: 0.3240, lr: 5.7110609029320384e-05
2024-06-20 23:54:37 - val epoch: 258, loss: 0.5371
2024-06-20 23:54:39 - train: epoch 259, iter:0, loss: 0.3729, lr: 7.122819337828748e-05
2024-06-20 23:55:09 - train: epoch 259, iter:20, loss: 0.3183, lr: 7.122819337828748e-05
2024-06-20 23:55:38 - train: epoch 259, iter:40, loss: 0.3213, lr: 7.122819337828748e-05
2024-06-20 23:56:07 - train: epoch 259, iter:60, loss: 0.3241, lr: 7.122819337828748e-05
2024-06-20 23:56:36 - train: epoch 259, iter:80, loss: 0.3228, lr: 7.122819337828748e-05
2024-06-20 23:57:05 - train: epoch 259, iter:100, loss: 0.3219, lr: 7.122819337828748e-05
2024-06-21 00:00:15 - val epoch: 259, loss: 0.5389
2024-06-21 00:00:18 - train: epoch 260, iter:0, loss: 0.3516, lr: 8.705767687650243e-05
2024-06-21 00:00:47 - train: epoch 260, iter:20, loss: 0.3205, lr: 8.705767687650243e-05
2024-06-21 00:01:16 - train: epoch 260, iter:40, loss: 0.3212, lr: 8.705767687650243e-05
2024-06-21 00:01:45 - train: epoch 260, iter:60, loss: 0.3247, lr: 8.705767687650243e-05
2024-06-21 00:02:14 - train: epoch 260, iter:80, loss: 0.3271, lr: 8.705767687650243e-05
2024-06-21 00:02:43 - train: epoch 260, iter:100, loss: 0.3257, lr: 8.705767687650243e-05
2024-06-21 00:05:52 - val epoch: 260, loss: 0.5386
2024-06-21 00:05:54 - train: epoch 261, iter:0, loss: 0.3236, lr: 0.00010453658778440077
2024-06-21 00:06:24 - train: epoch 261, iter:20, loss: 0.3295, lr: 0.00010453658778440077
2024-06-21 00:06:53 - train: epoch 261, iter:40, loss: 0.3236, lr: 0.00010453658778440077
2024-06-21 00:07:22 - train: epoch 261, iter:60, loss: 0.3268, lr: 0.00010453658778440077
2024-06-21 00:07:50 - train: epoch 261, iter:80, loss: 0.3264, lr: 0.00010453658778440077
2024-06-21 00:08:19 - train: epoch 261, iter:100, loss: 0.3262, lr: 0.00010453658778440077
2024-06-21 00:11:29 - val epoch: 261, loss: 0.5386
2024-06-21 00:11:31 - train: epoch 262, iter:0, loss: 0.3105, lr: 0.00012359594482598397
2024-06-21 00:12:00 - train: epoch 262, iter:20, loss: 0.3209, lr: 0.00012359594482598397
2024-06-21 00:12:29 - train: epoch 262, iter:40, loss: 0.3179, lr: 0.00012359594482598397
2024-06-21 00:12:58 - train: epoch 262, iter:60, loss: 0.3196, lr: 0.00012359594482598397
2024-06-21 00:13:27 - train: epoch 262, iter:80, loss: 0.3225, lr: 0.00012359594482598397
2024-06-21 00:13:56 - train: epoch 262, iter:100, loss: 0.3236, lr: 0.00012359594482598397
2024-06-21 00:17:05 - val epoch: 262, loss: 0.5409
2024-06-21 00:17:07 - train: epoch 263, iter:0, loss: 0.3250, lr: 0.00014416052942640075
2024-06-21 00:17:36 - train: epoch 263, iter:20, loss: 0.3237, lr: 0.00014416052942640075
2024-06-21 00:18:05 - train: epoch 263, iter:40, loss: 0.3258, lr: 0.00014416052942640075
2024-06-21 00:18:34 - train: epoch 263, iter:60, loss: 0.3273, lr: 0.00014416052942640075
2024-06-21 00:19:03 - train: epoch 263, iter:80, loss: 0.3284, lr: 0.00014416052942640075
2024-06-21 00:19:32 - train: epoch 263, iter:100, loss: 0.3264, lr: 0.00014416052942640075
2024-06-21 00:22:43 - val epoch: 263, loss: 0.5445
2024-06-21 00:22:45 - train: epoch 264, iter:0, loss: 0.3029, lr: 0.00016614918256529967
2024-06-21 00:23:14 - train: epoch 264, iter:20, loss: 0.3221, lr: 0.00016614918256529967
2024-06-21 00:23:42 - train: epoch 264, iter:40, loss: 0.3247, lr: 0.00016614918256529967
2024-06-21 00:24:11 - train: epoch 264, iter:60, loss: 0.3267, lr: 0.00016614918256529967
2024-06-21 00:24:40 - train: epoch 264, iter:80, loss: 0.3244, lr: 0.00016614918256529967
2024-06-21 00:25:09 - train: epoch 264, iter:100, loss: 0.3264, lr: 0.00016614918256529967
2024-06-21 00:28:20 - val epoch: 264, loss: 0.5472
2024-06-21 00:28:22 - train: epoch 265, iter:0, loss: 0.2899, lr: 0.00018947512507439904
2024-06-21 00:28:50 - train: epoch 265, iter:20, loss: 0.3224, lr: 0.00018947512507439904
2024-06-21 00:29:20 - train: epoch 265, iter:40, loss: 0.3253, lr: 0.00018947512507439904
2024-06-21 00:29:49 - train: epoch 265, iter:60, loss: 0.3262, lr: 0.00018947512507439904
2024-06-21 00:30:18 - train: epoch 265, iter:80, loss: 0.3255, lr: 0.00018947512507439904
2024-06-21 00:30:47 - train: epoch 265, iter:100, loss: 0.3273, lr: 0.00018947512507439904
2024-06-21 00:33:55 - val epoch: 265, loss: 0.5476
2024-06-21 00:33:57 - train: epoch 266, iter:0, loss: 0.3415, lr: 0.00021404630011522606
2024-06-21 00:34:27 - train: epoch 266, iter:20, loss: 0.3247, lr: 0.00021404630011522606
2024-06-21 00:34:56 - train: epoch 266, iter:40, loss: 0.3258, lr: 0.00021404630011522606
2024-06-21 00:35:25 - train: epoch 266, iter:60, loss: 0.3269, lr: 0.00021404630011522606
2024-06-21 00:35:53 - train: epoch 266, iter:80, loss: 0.3267, lr: 0.00021404630011522606
2024-06-21 00:36:22 - train: epoch 266, iter:100, loss: 0.3283, lr: 0.00021404630011522606
2024-06-21 00:39:30 - val epoch: 266, loss: 0.5521
2024-06-21 00:39:32 - train: epoch 267, iter:0, loss: 0.3421, lr: 0.00023976573648539678
2024-06-21 00:40:01 - train: epoch 267, iter:20, loss: 0.3247, lr: 0.00023976573648539678
2024-06-21 00:40:30 - train: epoch 267, iter:40, loss: 0.3309, lr: 0.00023976573648539678
2024-06-21 00:40:59 - train: epoch 267, iter:60, loss: 0.3279, lr: 0.00023976573648539678
2024-06-21 00:41:29 - train: epoch 267, iter:80, loss: 0.3294, lr: 0.00023976573648539678
2024-06-21 00:41:59 - train: epoch 267, iter:100, loss: 0.3297, lr: 0.00023976573648539678
2024-06-21 00:45:08 - val epoch: 267, loss: 0.5498
2024-06-21 00:45:11 - train: epoch 268, iter:0, loss: 0.3273, lr: 0.0002665319313196509
2024-06-21 00:45:40 - train: epoch 268, iter:20, loss: 0.3320, lr: 0.0002665319313196509
2024-06-21 00:46:09 - train: epoch 268, iter:40, loss: 0.3318, lr: 0.0002665319313196509
2024-06-21 00:46:38 - train: epoch 268, iter:60, loss: 0.3344, lr: 0.0002665319313196509
2024-06-21 00:47:07 - train: epoch 268, iter:80, loss: 0.3332, lr: 0.0002665319313196509
2024-06-21 00:47:36 - train: epoch 268, iter:100, loss: 0.3327, lr: 0.0002665319313196509
2024-06-21 00:50:45 - val epoch: 268, loss: 0.5535
2024-06-21 00:50:47 - train: epoch 269, iter:0, loss: 0.3284, lr: 0.0002942392506752888
2024-06-21 00:51:16 - train: epoch 269, iter:20, loss: 0.3346, lr: 0.0002942392506752888
2024-06-21 00:51:45 - train: epoch 269, iter:40, loss: 0.3309, lr: 0.0002942392506752888
2024-06-21 00:52:14 - train: epoch 269, iter:60, loss: 0.3292, lr: 0.0002942392506752888
2024-06-21 00:52:43 - train: epoch 269, iter:80, loss: 0.3301, lr: 0.0002942392506752888
2024-06-21 00:53:12 - train: epoch 269, iter:100, loss: 0.3306, lr: 0.0002942392506752888
2024-06-21 00:56:19 - val epoch: 269, loss: 0.5480
2024-06-21 00:56:21 - train: epoch 270, iter:0, loss: 0.3068, lr: 0.000322778346421084
2024-06-21 00:56:50 - train: epoch 270, iter:20, loss: 0.3421, lr: 0.000322778346421084
2024-06-21 00:57:19 - train: epoch 270, iter:40, loss: 0.3368, lr: 0.000322778346421084
2024-06-21 00:57:48 - train: epoch 270, iter:60, loss: 0.3373, lr: 0.000322778346421084
2024-06-21 00:58:17 - train: epoch 270, iter:80, loss: 0.3360, lr: 0.000322778346421084
2024-06-21 00:58:46 - train: epoch 270, iter:100, loss: 0.3354, lr: 0.000322778346421084
2024-06-21 01:01:57 - val epoch: 270, loss: 0.5421, miou: 0.8456939740952994, f1_or_dsc: 0.9163967439508294, accuracy: 0.9652319819453663,                 specificity: 0.9762235723799535, sensitivity: 0.9229828563505396, confusion_matrix: [[44220252  1077007]
 [  907616 10876981]]
2024-06-21 01:01:59 - train: epoch 271, iter:0, loss: 0.3084, lr: 0.00035203658778440043
2024-06-21 01:02:27 - train: epoch 271, iter:20, loss: 0.3380, lr: 0.00035203658778440043
2024-06-21 01:02:56 - train: epoch 271, iter:40, loss: 0.3338, lr: 0.00035203658778440043
2024-06-21 01:03:26 - train: epoch 271, iter:60, loss: 0.3386, lr: 0.00035203658778440043
2024-06-21 01:03:54 - train: epoch 271, iter:80, loss: 0.3382, lr: 0.00035203658778440043
2024-06-21 01:04:23 - train: epoch 271, iter:100, loss: 0.3372, lr: 0.00035203658778440043
2024-06-21 01:07:32 - val epoch: 271, loss: 0.5485
2024-06-21 01:07:35 - train: epoch 272, iter:0, loss: 0.3443, lr: 0.0003818985058533961
2024-06-21 01:08:04 - train: epoch 272, iter:20, loss: 0.3388, lr: 0.0003818985058533961
2024-06-21 01:08:33 - train: epoch 272, iter:40, loss: 0.3355, lr: 0.0003818985058533961
2024-06-21 01:09:02 - train: epoch 272, iter:60, loss: 0.3362, lr: 0.0003818985058533961
2024-06-21 01:09:31 - train: epoch 272, iter:80, loss: 0.3352, lr: 0.0003818985058533961
2024-06-21 01:10:00 - train: epoch 272, iter:100, loss: 0.3368, lr: 0.0003818985058533961
2024-06-21 01:13:08 - val epoch: 272, loss: 0.5644
2024-06-21 01:13:10 - train: epoch 273, iter:0, loss: 0.3399, lr: 0.00041224624928006703
2024-06-21 01:13:39 - train: epoch 273, iter:20, loss: 0.3422, lr: 0.00041224624928006703
2024-06-21 01:14:08 - train: epoch 273, iter:40, loss: 0.3448, lr: 0.00041224624928006703
2024-06-21 01:14:37 - train: epoch 273, iter:60, loss: 0.3430, lr: 0.00041224624928006703
2024-06-21 01:15:05 - train: epoch 273, iter:80, loss: 0.3417, lr: 0.00041224624928006703
2024-06-21 01:15:34 - train: epoch 273, iter:100, loss: 0.3404, lr: 0.00041224624928006703
2024-06-21 01:18:44 - val epoch: 273, loss: 0.5474
2024-06-21 01:18:46 - train: epoch 274, iter:0, loss: 0.3024, lr: 0.00044296004938566987
2024-06-21 01:19:15 - train: epoch 274, iter:20, loss: 0.3375, lr: 0.00044296004938566987
2024-06-21 01:19:45 - train: epoch 274, iter:40, loss: 0.3401, lr: 0.00044296004938566987
2024-06-21 01:20:14 - train: epoch 274, iter:60, loss: 0.3390, lr: 0.00044296004938566987
2024-06-21 01:20:43 - train: epoch 274, iter:80, loss: 0.3419, lr: 0.00044296004938566987
2024-06-21 01:21:11 - train: epoch 274, iter:100, loss: 0.3427, lr: 0.00044296004938566987
2024-06-21 01:24:18 - val epoch: 274, loss: 0.5472
2024-06-21 01:24:20 - train: epoch 275, iter:0, loss: 0.3023, lr: 0.0004739186928329902
2024-06-21 01:24:50 - train: epoch 275, iter:20, loss: 0.3463, lr: 0.0004739186928329902
2024-06-21 01:25:18 - train: epoch 275, iter:40, loss: 0.3422, lr: 0.0004739186928329902
2024-06-21 01:25:47 - train: epoch 275, iter:60, loss: 0.3416, lr: 0.0004739186928329902
2024-06-21 01:26:17 - train: epoch 275, iter:80, loss: 0.3433, lr: 0.0004739186928329902
2024-06-21 01:26:46 - train: epoch 275, iter:100, loss: 0.3473, lr: 0.0004739186928329902
2024-06-21 01:29:53 - val epoch: 275, loss: 0.5426
2024-06-21 01:29:55 - train: epoch 276, iter:0, loss: 0.3186, lr: 0.000505
2024-06-21 01:30:24 - train: epoch 276, iter:20, loss: 0.3492, lr: 0.000505
2024-06-21 01:30:53 - train: epoch 276, iter:40, loss: 0.3433, lr: 0.000505
2024-06-21 01:31:22 - train: epoch 276, iter:60, loss: 0.3443, lr: 0.000505
2024-06-21 01:31:51 - train: epoch 276, iter:80, loss: 0.3463, lr: 0.000505
2024-06-21 01:32:20 - train: epoch 276, iter:100, loss: 0.3466, lr: 0.000505
2024-06-21 01:35:28 - val epoch: 276, loss: 0.5574
2024-06-21 01:35:30 - train: epoch 277, iter:0, loss: 0.3508, lr: 0.0005360813071670099
2024-06-21 01:36:00 - train: epoch 277, iter:20, loss: 0.3517, lr: 0.0005360813071670099
2024-06-21 01:36:29 - train: epoch 277, iter:40, loss: 0.3527, lr: 0.0005360813071670099
2024-06-21 01:36:57 - train: epoch 277, iter:60, loss: 0.3518, lr: 0.0005360813071670099
2024-06-21 01:37:26 - train: epoch 277, iter:80, loss: 0.3504, lr: 0.0005360813071670099
2024-06-21 01:37:56 - train: epoch 277, iter:100, loss: 0.3529, lr: 0.0005360813071670099
2024-06-21 01:41:06 - val epoch: 277, loss: 0.5392
2024-06-21 01:41:08 - train: epoch 278, iter:0, loss: 0.3363, lr: 0.0005670399506143303
2024-06-21 01:41:37 - train: epoch 278, iter:20, loss: 0.3489, lr: 0.0005670399506143303
2024-06-21 01:42:06 - train: epoch 278, iter:40, loss: 0.3486, lr: 0.0005670399506143303
2024-06-21 01:42:35 - train: epoch 278, iter:60, loss: 0.3510, lr: 0.0005670399506143303
2024-06-21 01:43:04 - train: epoch 278, iter:80, loss: 0.3539, lr: 0.0005670399506143303
2024-06-21 01:43:33 - train: epoch 278, iter:100, loss: 0.3566, lr: 0.0005670399506143303
2024-06-21 01:46:43 - val epoch: 278, loss: 0.5491
2024-06-21 01:46:45 - train: epoch 279, iter:0, loss: 0.3762, lr: 0.0005977537507199331
2024-06-21 01:47:14 - train: epoch 279, iter:20, loss: 0.3453, lr: 0.0005977537507199331
2024-06-21 01:47:43 - train: epoch 279, iter:40, loss: 0.3470, lr: 0.0005977537507199331
2024-06-21 01:48:12 - train: epoch 279, iter:60, loss: 0.3482, lr: 0.0005977537507199331
2024-06-21 01:48:41 - train: epoch 279, iter:80, loss: 0.3513, lr: 0.0005977537507199331
2024-06-21 01:49:10 - train: epoch 279, iter:100, loss: 0.3532, lr: 0.0005977537507199331
2024-06-21 01:52:19 - val epoch: 279, loss: 0.5591
2024-06-21 01:52:21 - train: epoch 280, iter:0, loss: 0.3897, lr: 0.0006281014941466024
2024-06-21 01:52:51 - train: epoch 280, iter:20, loss: 0.3577, lr: 0.0006281014941466024
2024-06-21 01:53:21 - train: epoch 280, iter:40, loss: 0.3541, lr: 0.0006281014941466024
2024-06-21 01:53:50 - train: epoch 280, iter:60, loss: 0.3548, lr: 0.0006281014941466024
2024-06-21 01:54:19 - train: epoch 280, iter:80, loss: 0.3586, lr: 0.0006281014941466024
2024-06-21 01:54:49 - train: epoch 280, iter:100, loss: 0.3601, lr: 0.0006281014941466024
2024-06-21 01:57:55 - val epoch: 280, loss: 0.5532
2024-06-21 01:57:57 - train: epoch 281, iter:0, loss: 0.3621, lr: 0.000657963412215598
2024-06-21 01:58:27 - train: epoch 281, iter:20, loss: 0.3625, lr: 0.000657963412215598
2024-06-21 01:58:55 - train: epoch 281, iter:40, loss: 0.3659, lr: 0.000657963412215598
2024-06-21 01:59:24 - train: epoch 281, iter:60, loss: 0.3655, lr: 0.000657963412215598
2024-06-21 01:59:54 - train: epoch 281, iter:80, loss: 0.3634, lr: 0.000657963412215598
2024-06-21 02:00:22 - train: epoch 281, iter:100, loss: 0.3660, lr: 0.000657963412215598
2024-06-21 02:03:31 - val epoch: 281, loss: 0.5428
2024-06-21 02:03:33 - train: epoch 282, iter:0, loss: 0.3636, lr: 0.0006872216535789145
2024-06-21 02:04:03 - train: epoch 282, iter:20, loss: 0.3632, lr: 0.0006872216535789145
2024-06-21 02:04:31 - train: epoch 282, iter:40, loss: 0.3627, lr: 0.0006872216535789145
2024-06-21 02:05:00 - train: epoch 282, iter:60, loss: 0.3651, lr: 0.0006872216535789145
2024-06-21 02:05:30 - train: epoch 282, iter:80, loss: 0.3681, lr: 0.0006872216535789145
2024-06-21 02:05:59 - train: epoch 282, iter:100, loss: 0.3721, lr: 0.0006872216535789145
2024-06-21 02:09:08 - val epoch: 282, loss: 0.5820
2024-06-21 02:09:10 - train: epoch 283, iter:0, loss: 0.3957, lr: 0.0007157607493247098
2024-06-21 02:09:39 - train: epoch 283, iter:20, loss: 0.3628, lr: 0.0007157607493247098
2024-06-21 02:10:15 - train: epoch 283, iter:40, loss: 0.3720, lr: 0.0007157607493247098
2024-06-21 02:10:44 - train: epoch 283, iter:60, loss: 0.3672, lr: 0.0007157607493247098
2024-06-21 02:11:12 - train: epoch 283, iter:80, loss: 0.3667, lr: 0.0007157607493247098
2024-06-21 02:11:41 - train: epoch 283, iter:100, loss: 0.3673, lr: 0.0007157607493247098
2024-06-21 02:14:50 - val epoch: 283, loss: 0.5483
2024-06-21 02:14:52 - train: epoch 284, iter:0, loss: 0.3276, lr: 0.0007434680686803492
2024-06-21 02:15:22 - train: epoch 284, iter:20, loss: 0.3669, lr: 0.0007434680686803492
2024-06-21 02:15:51 - train: epoch 284, iter:40, loss: 0.3708, lr: 0.0007434680686803492
2024-06-21 02:16:20 - train: epoch 284, iter:60, loss: 0.3712, lr: 0.0007434680686803492
2024-06-21 02:16:49 - train: epoch 284, iter:80, loss: 0.3720, lr: 0.0007434680686803492
2024-06-21 02:17:18 - train: epoch 284, iter:100, loss: 0.3723, lr: 0.0007434680686803492
2024-06-21 02:20:25 - val epoch: 284, loss: 0.5598
2024-06-21 02:20:28 - train: epoch 285, iter:0, loss: 0.3650, lr: 0.0007702342635146034
2024-06-21 02:20:56 - train: epoch 285, iter:20, loss: 0.3736, lr: 0.0007702342635146034
2024-06-21 02:21:25 - train: epoch 285, iter:40, loss: 0.3795, lr: 0.0007702342635146034
2024-06-21 02:21:54 - train: epoch 285, iter:60, loss: 0.3772, lr: 0.0007702342635146034
2024-06-21 02:22:23 - train: epoch 285, iter:80, loss: 0.3741, lr: 0.0007702342635146034
2024-06-21 02:22:52 - train: epoch 285, iter:100, loss: 0.3723, lr: 0.0007702342635146034
2024-06-21 02:26:01 - val epoch: 285, loss: 0.5463
2024-06-21 02:26:03 - train: epoch 286, iter:0, loss: 0.3624, lr: 0.0007959536998847742
2024-06-21 02:26:32 - train: epoch 286, iter:20, loss: 0.3765, lr: 0.0007959536998847742
2024-06-21 02:27:01 - train: epoch 286, iter:40, loss: 0.3815, lr: 0.0007959536998847742
2024-06-21 02:27:29 - train: epoch 286, iter:60, loss: 0.3767, lr: 0.0007959536998847742
2024-06-21 02:27:58 - train: epoch 286, iter:80, loss: 0.3767, lr: 0.0007959536998847742
2024-06-21 02:28:27 - train: epoch 286, iter:100, loss: 0.3752, lr: 0.0007959536998847742
2024-06-21 02:31:32 - val epoch: 286, loss: 0.5462
2024-06-21 02:31:34 - train: epoch 287, iter:0, loss: 0.3720, lr: 0.0008205248749256013
2024-06-21 02:32:03 - train: epoch 287, iter:20, loss: 0.3750, lr: 0.0008205248749256013
2024-06-21 02:32:32 - train: epoch 287, iter:40, loss: 0.3770, lr: 0.0008205248749256013
2024-06-21 02:33:00 - train: epoch 287, iter:60, loss: 0.3749, lr: 0.0008205248749256013
2024-06-21 02:33:29 - train: epoch 287, iter:80, loss: 0.3727, lr: 0.0008205248749256013
2024-06-21 02:33:57 - train: epoch 287, iter:100, loss: 0.3740, lr: 0.0008205248749256013
2024-06-21 02:36:27 - val epoch: 287, loss: 0.5860
2024-06-21 02:36:29 - train: epoch 288, iter:0, loss: 0.3810, lr: 0.0008438508174347006
2024-06-21 02:36:58 - train: epoch 288, iter:20, loss: 0.3782, lr: 0.0008438508174347006
2024-06-21 02:37:27 - train: epoch 288, iter:40, loss: 0.3777, lr: 0.0008438508174347006
2024-06-21 02:37:57 - train: epoch 288, iter:60, loss: 0.3799, lr: 0.0008438508174347006
2024-06-21 02:38:26 - train: epoch 288, iter:80, loss: 0.3792, lr: 0.0008438508174347006
2024-06-21 02:38:55 - train: epoch 288, iter:100, loss: 0.3818, lr: 0.0008438508174347006
2024-06-21 02:42:02 - val epoch: 288, loss: 0.5639
2024-06-21 02:42:05 - train: epoch 289, iter:0, loss: 0.3608, lr: 0.0008658394705735983
2024-06-21 02:42:34 - train: epoch 289, iter:20, loss: 0.3832, lr: 0.0008658394705735983
2024-06-21 02:43:03 - train: epoch 289, iter:40, loss: 0.3775, lr: 0.0008658394705735983
2024-06-21 02:43:32 - train: epoch 289, iter:60, loss: 0.3759, lr: 0.0008658394705735983
2024-06-21 02:44:01 - train: epoch 289, iter:80, loss: 0.3783, lr: 0.0008658394705735983
2024-06-21 02:44:30 - train: epoch 289, iter:100, loss: 0.3806, lr: 0.0008658394705735983
2024-06-21 02:47:40 - val epoch: 289, loss: 0.5349
2024-06-21 02:47:42 - train: epoch 290, iter:0, loss: 0.4033, lr: 0.0008864040551740151
2024-06-21 02:48:11 - train: epoch 290, iter:20, loss: 0.3725, lr: 0.0008864040551740151
2024-06-21 02:48:40 - train: epoch 290, iter:40, loss: 0.3736, lr: 0.0008864040551740151
2024-06-21 02:49:10 - train: epoch 290, iter:60, loss: 0.3741, lr: 0.0008864040551740151
2024-06-21 02:49:38 - train: epoch 290, iter:80, loss: 0.3776, lr: 0.0008864040551740151
2024-06-21 02:50:07 - train: epoch 290, iter:100, loss: 0.3807, lr: 0.0008864040551740151
2024-06-21 02:53:14 - val epoch: 290, loss: 0.5620
2024-06-21 02:53:16 - train: epoch 291, iter:0, loss: 0.3541, lr: 0.0009054634122155984
2024-06-21 02:53:46 - train: epoch 291, iter:20, loss: 0.3732, lr: 0.0009054634122155984
2024-06-21 02:54:15 - train: epoch 291, iter:40, loss: 0.3824, lr: 0.0009054634122155984
2024-06-21 02:54:44 - train: epoch 291, iter:60, loss: 0.3776, lr: 0.0009054634122155984
2024-06-21 02:55:13 - train: epoch 291, iter:80, loss: 0.3754, lr: 0.0009054634122155984
2024-06-21 02:55:41 - train: epoch 291, iter:100, loss: 0.3765, lr: 0.0009054634122155984
2024-06-21 02:58:52 - val epoch: 291, loss: 0.5527
2024-06-21 02:58:54 - train: epoch 292, iter:0, loss: 0.3889, lr: 0.0009229423231234968
2024-06-21 02:59:23 - train: epoch 292, iter:20, loss: 0.3768, lr: 0.0009229423231234968
2024-06-21 02:59:52 - train: epoch 292, iter:40, loss: 0.3854, lr: 0.0009229423231234968
2024-06-21 03:00:22 - train: epoch 292, iter:60, loss: 0.3865, lr: 0.0009229423231234968
2024-06-21 03:00:51 - train: epoch 292, iter:80, loss: 0.3857, lr: 0.0009229423231234968
2024-06-21 03:01:20 - train: epoch 292, iter:100, loss: 0.3845, lr: 0.0009229423231234968
2024-06-21 03:04:29 - val epoch: 292, loss: 0.5531
2024-06-21 03:04:31 - train: epoch 293, iter:0, loss: 0.4468, lr: 0.0009387718066217118
2024-06-21 03:05:01 - train: epoch 293, iter:20, loss: 0.3861, lr: 0.0009387718066217118
2024-06-21 03:05:30 - train: epoch 293, iter:40, loss: 0.3978, lr: 0.0009387718066217118
2024-06-21 03:05:59 - train: epoch 293, iter:60, loss: 0.3983, lr: 0.0009387718066217118
2024-06-21 03:06:27 - train: epoch 293, iter:80, loss: 0.3941, lr: 0.0009387718066217118
2024-06-21 03:06:56 - train: epoch 293, iter:100, loss: 0.3891, lr: 0.0009387718066217118
2024-06-21 03:10:04 - val epoch: 293, loss: 0.5397
2024-06-21 03:10:06 - train: epoch 294, iter:0, loss: 0.3582, lr: 0.000952889390970679
2024-06-21 03:10:35 - train: epoch 294, iter:20, loss: 0.3841, lr: 0.000952889390970679
2024-06-21 03:11:04 - train: epoch 294, iter:40, loss: 0.3798, lr: 0.000952889390970679
2024-06-21 03:11:33 - train: epoch 294, iter:60, loss: 0.3821, lr: 0.000952889390970679
2024-06-21 03:12:02 - train: epoch 294, iter:80, loss: 0.3833, lr: 0.000952889390970679
2024-06-21 03:12:31 - train: epoch 294, iter:100, loss: 0.3839, lr: 0.000952889390970679
2024-06-21 03:15:39 - val epoch: 294, loss: 0.5427
2024-06-21 03:15:41 - train: epoch 295, iter:0, loss: 0.3403, lr: 0.0009652393605146844
2024-06-21 03:16:10 - train: epoch 295, iter:20, loss: 0.3692, lr: 0.0009652393605146844
2024-06-21 03:16:39 - train: epoch 295, iter:40, loss: 0.3801, lr: 0.0009652393605146844
2024-06-21 03:17:08 - train: epoch 295, iter:60, loss: 0.3830, lr: 0.0009652393605146844
2024-06-21 03:17:36 - train: epoch 295, iter:80, loss: 0.3840, lr: 0.0009652393605146844
2024-06-21 03:18:06 - train: epoch 295, iter:100, loss: 0.3860, lr: 0.0009652393605146844
2024-06-21 03:21:15 - val epoch: 295, loss: 0.5460
2024-06-21 03:21:17 - train: epoch 296, iter:0, loss: 0.3792, lr: 0.000975772975566101
2024-06-21 03:21:46 - train: epoch 296, iter:20, loss: 0.3913, lr: 0.000975772975566101
2024-06-21 03:22:16 - train: epoch 296, iter:40, loss: 0.3912, lr: 0.000975772975566101
2024-06-21 03:22:44 - train: epoch 296, iter:60, loss: 0.3925, lr: 0.000975772975566101
2024-06-21 03:23:13 - train: epoch 296, iter:80, loss: 0.3887, lr: 0.000975772975566101
2024-06-21 03:23:41 - train: epoch 296, iter:100, loss: 0.3875, lr: 0.000975772975566101
2024-06-21 03:26:50 - val epoch: 296, loss: 0.5839
2024-06-21 03:26:52 - train: epoch 297, iter:0, loss: 0.3604, lr: 0.0009844486647586721
2024-06-21 03:27:21 - train: epoch 297, iter:20, loss: 0.3838, lr: 0.0009844486647586721
2024-06-21 03:27:50 - train: epoch 297, iter:40, loss: 0.3903, lr: 0.0009844486647586721
2024-06-21 03:28:18 - train: epoch 297, iter:60, loss: 0.3897, lr: 0.0009844486647586721
2024-06-21 03:28:46 - train: epoch 297, iter:80, loss: 0.3884, lr: 0.0009844486647586721
2024-06-21 03:29:16 - train: epoch 297, iter:100, loss: 0.3874, lr: 0.0009844486647586721
2024-06-21 03:32:24 - val epoch: 297, loss: 0.5520
2024-06-21 03:32:26 - train: epoch 298, iter:0, loss: 0.3596, lr: 0.0009912321891107007
2024-06-21 03:32:55 - train: epoch 298, iter:20, loss: 0.3949, lr: 0.0009912321891107007
2024-06-21 03:33:23 - train: epoch 298, iter:40, loss: 0.3949, lr: 0.0009912321891107007
2024-06-21 03:33:52 - train: epoch 298, iter:60, loss: 0.3967, lr: 0.0009912321891107007
2024-06-21 03:34:21 - train: epoch 298, iter:80, loss: 0.3964, lr: 0.0009912321891107007
2024-06-21 03:34:50 - train: epoch 298, iter:100, loss: 0.3971, lr: 0.0009912321891107007
2024-06-21 03:37:59 - val epoch: 298, loss: 0.5725
2024-06-21 03:38:01 - train: epoch 299, iter:0, loss: 0.3852, lr: 0.0009960967771506662
2024-06-21 03:38:30 - train: epoch 299, iter:20, loss: 0.3805, lr: 0.0009960967771506662
2024-06-21 03:38:59 - train: epoch 299, iter:40, loss: 0.3853, lr: 0.0009960967771506662
2024-06-21 03:39:28 - train: epoch 299, iter:60, loss: 0.3965, lr: 0.0009960967771506662
2024-06-21 03:39:57 - train: epoch 299, iter:80, loss: 0.4014, lr: 0.0009960967771506662
2024-06-21 03:40:26 - train: epoch 299, iter:100, loss: 0.4032, lr: 0.0009960967771506662
2024-06-21 03:43:32 - val epoch: 299, loss: 0.5610
2024-06-21 03:43:34 - train: epoch 300, iter:0, loss: 0.4284, lr: 0.000999023230571994
2024-06-21 03:44:03 - train: epoch 300, iter:20, loss: 0.3991, lr: 0.000999023230571994
2024-06-21 03:44:32 - train: epoch 300, iter:40, loss: 0.3985, lr: 0.000999023230571994
2024-06-21 03:45:01 - train: epoch 300, iter:60, loss: 0.3983, lr: 0.000999023230571994
2024-06-21 03:45:30 - train: epoch 300, iter:80, loss: 0.3972, lr: 0.000999023230571994
2024-06-21 03:45:59 - train: epoch 300, iter:100, loss: 0.3970, lr: 0.000999023230571994
2024-06-21 03:49:11 - val epoch: 300, loss: 0.5442, miou: 0.8425149009946888, f1_or_dsc: 0.9145270961335009, accuracy: 0.9639043446660178,                 specificity: 0.971331819437463, sensitivity: 0.9353548534582896, confusion_matrix: [[43998669  1298590]
 [  761817 11022780]]
2024-06-21 03:52:39 - test of best model, loss: 0.5195,miou: 0.844268430135968, f1_or_dsc: 0.9155591630159007, accuracy: 0.9649676772948658,                 specificity: 0.9766839755138385, sensitivity: 0.9199329429763274, confusion_matrix: [[44241107  1056152]
 [  943558 10841039]]
