2024-06-21 09:01:39 - #----------Config info----------#
2024-06-21 09:01:39 - network: amlunet,
2024-06-21 09:01:39 - model_config: {'num_classes': 1, 'input_channels': 3, 'c_list': [8, 16, 24, 32, 48, 64], 'bridge': True, 'gt_ds': True},
2024-06-21 09:01:39 - datasets: ACSA,
2024-06-21 09:01:39 - data_path: C:/Users/yuxilong/Desktop/AMLUNet-pytorch-main/data/ACSA/,
2024-06-21 09:01:39 - criterion: GT_BceDiceLoss(
  (bcedice): BceDiceLoss(
    (bce): BCELoss(
      (bceloss): BCELoss()
    )
    (dice): DiceLoss()
  )
),
2024-06-21 09:01:39 - pretrained_path: ./pre_trained/,
2024-06-21 09:01:39 - num_classes: 1,
2024-06-21 09:01:39 - input_size_h: 256,
2024-06-21 09:01:39 - input_size_w: 256,
2024-06-21 09:01:39 - input_channels: 3,
2024-06-21 09:01:39 - distributed: False,
2024-06-21 09:01:39 - local_rank: -1,
2024-06-21 09:01:39 - num_workers: 0,
2024-06-21 09:01:39 - seed: 42,
2024-06-21 09:01:39 - world_size: None,
2024-06-21 09:01:39 - rank: None,
2024-06-21 09:01:39 - amp: False,
2024-06-21 09:01:39 - gpu_id: 0,
2024-06-21 09:01:39 - batch_size: 32,
2024-06-21 09:01:39 - epochs: 300,
2024-06-21 09:01:39 - work_dir: results/amlunet_ACSA_Friday_21_June_2024_09h_01m_39s/,
2024-06-21 09:01:39 - print_interval: 20,
2024-06-21 09:01:39 - val_interval: 30,
2024-06-21 09:01:39 - save_interval: 50,
2024-06-21 09:01:39 - threshold: 0.5,
2024-06-21 09:01:39 - train_transformer: Compose(
    <utils.myNormalize object at 0x000001B27FB1C3D0>
    <utils.myToTensor object at 0x000001B209234580>
    <utils.myRandomHorizontalFlip object at 0x000001B209234940>
    <utils.myRandomVerticalFlip object at 0x000001B209234A00>
    <utils.myRandomRotation object at 0x000001B209234A60>
    <utils.myResize object at 0x000001B209234AC0>
),
2024-06-21 09:01:39 - test_transformer: Compose(
    <utils.myNormalize object at 0x000001B209234BB0>
    <utils.myToTensor object at 0x000001B209234C10>
    <utils.myResize object at 0x000001B209234C40>
),
2024-06-21 09:01:39 - opt: AdamW,
2024-06-21 09:01:39 - lr: 0.001,
2024-06-21 09:01:39 - betas: (0.9, 0.999),
2024-06-21 09:01:39 - eps: 1e-08,
2024-06-21 09:01:39 - weight_decay: 0.01,
2024-06-21 09:01:39 - amsgrad: False,
2024-06-21 09:01:39 - sch: CosineAnnealingLR,
2024-06-21 09:01:39 - T_max: 50,
2024-06-21 09:01:39 - eta_min: 1e-05,
2024-06-21 09:01:39 - last_epoch: -1,
2024-06-21 09:01:46 - train: epoch 1, iter:0, loss: 7.2678, lr: 0.001
2024-06-21 09:04:07 - train: epoch 1, iter:20, loss: 3.1782, lr: 0.001
2024-06-21 09:06:58 - val epoch: 1, loss: 1.5518
2024-06-21 09:07:06 - train: epoch 2, iter:0, loss: 1.7010, lr: 0.0009990232305719944
2024-06-21 09:09:16 - train: epoch 2, iter:20, loss: 1.4271, lr: 0.0009990232305719944
2024-06-21 09:11:37 - val epoch: 2, loss: 1.2083
2024-06-21 09:11:44 - train: epoch 3, iter:0, loss: 1.2977, lr: 0.0009960967771506664
2024-06-21 09:13:55 - train: epoch 3, iter:20, loss: 1.1261, lr: 0.0009960967771506664
2024-06-21 09:16:19 - val epoch: 3, loss: 1.0379
2024-06-21 09:16:26 - train: epoch 4, iter:0, loss: 1.1920, lr: 0.0009912321891107007
2024-06-21 09:18:36 - train: epoch 4, iter:20, loss: 0.9700, lr: 0.0009912321891107007
2024-06-21 09:21:03 - val epoch: 4, loss: 0.9452
2024-06-21 09:21:10 - train: epoch 5, iter:0, loss: 0.8410, lr: 0.0009844486647586721
2024-06-21 09:23:19 - train: epoch 5, iter:20, loss: 0.8668, lr: 0.0009844486647586721
2024-06-21 09:25:47 - val epoch: 5, loss: 0.8416
2024-06-21 09:25:53 - train: epoch 6, iter:0, loss: 0.8748, lr: 0.0009757729755661009
2024-06-21 09:28:03 - train: epoch 6, iter:20, loss: 0.7755, lr: 0.0009757729755661009
2024-06-21 09:30:26 - val epoch: 6, loss: 0.8037
2024-06-21 09:30:33 - train: epoch 7, iter:0, loss: 0.7833, lr: 0.0009652393605146842
2024-06-21 09:32:45 - train: epoch 7, iter:20, loss: 0.7467, lr: 0.0009652393605146842
2024-06-21 09:35:09 - val epoch: 7, loss: 0.7588
2024-06-21 09:35:17 - train: epoch 8, iter:0, loss: 0.7162, lr: 0.0009528893909706795
2024-06-21 09:37:28 - train: epoch 8, iter:20, loss: 0.7001, lr: 0.0009528893909706795
2024-06-21 09:39:59 - val epoch: 8, loss: 0.7569
2024-06-21 09:40:05 - train: epoch 9, iter:0, loss: 0.7280, lr: 0.0009387718066217122
2024-06-21 09:42:13 - train: epoch 9, iter:20, loss: 0.6863, lr: 0.0009387718066217122
2024-06-21 09:44:41 - val epoch: 9, loss: 0.7247
2024-06-21 09:44:47 - train: epoch 10, iter:0, loss: 0.6672, lr: 0.0009229423231234972
2024-06-21 09:46:58 - train: epoch 10, iter:20, loss: 0.6516, lr: 0.0009229423231234972
2024-06-21 09:49:24 - val epoch: 10, loss: 0.6677
2024-06-21 09:49:31 - train: epoch 11, iter:0, loss: 0.6706, lr: 0.0009054634122155987
2024-06-21 09:51:37 - train: epoch 11, iter:20, loss: 0.6168, lr: 0.0009054634122155987
2024-06-21 09:54:03 - val epoch: 11, loss: 0.6143
2024-06-21 09:54:09 - train: epoch 12, iter:0, loss: 0.5368, lr: 0.0008864040551740153
2024-06-21 09:56:21 - train: epoch 12, iter:20, loss: 0.5858, lr: 0.0008864040551740153
2024-06-21 09:58:36 - val epoch: 12, loss: 0.6372
2024-06-21 09:58:40 - train: epoch 13, iter:0, loss: 0.5778, lr: 0.0008658394705735984
2024-06-21 10:00:50 - train: epoch 13, iter:20, loss: 0.5845, lr: 0.0008658394705735984
2024-06-21 10:03:11 - val epoch: 13, loss: 0.5941
2024-06-21 10:03:18 - train: epoch 14, iter:0, loss: 0.5274, lr: 0.0008438508174347006
2024-06-21 10:05:21 - train: epoch 14, iter:20, loss: 0.5764, lr: 0.0008438508174347006
2024-06-21 10:06:54 - val epoch: 14, loss: 0.5919
2024-06-21 10:06:59 - train: epoch 15, iter:0, loss: 0.5857, lr: 0.000820524874925601
2024-06-21 10:08:41 - train: epoch 15, iter:20, loss: 0.5459, lr: 0.000820524874925601
2024-06-21 10:10:28 - val epoch: 15, loss: 0.5577
2024-06-21 10:10:32 - train: epoch 16, iter:0, loss: 0.5312, lr: 0.000795953699884774
2024-06-21 10:12:11 - train: epoch 16, iter:20, loss: 0.5193, lr: 0.000795953699884774
2024-06-21 10:14:01 - val epoch: 16, loss: 0.5674
2024-06-21 10:14:04 - train: epoch 17, iter:0, loss: 0.4977, lr: 0.000770234263514603
2024-06-21 10:15:46 - train: epoch 17, iter:20, loss: 0.5147, lr: 0.000770234263514603
2024-06-21 10:17:38 - val epoch: 17, loss: 0.5563
2024-06-21 10:17:42 - train: epoch 18, iter:0, loss: 0.5092, lr: 0.0007434680686803488
2024-06-21 10:19:22 - train: epoch 18, iter:20, loss: 0.4977, lr: 0.0007434680686803488
2024-06-21 10:21:19 - val epoch: 18, loss: 0.5128
2024-06-21 10:21:24 - train: epoch 19, iter:0, loss: 0.5118, lr: 0.0007157607493247108
2024-06-21 10:23:13 - train: epoch 19, iter:20, loss: 0.4930, lr: 0.0007157607493247108
2024-06-21 10:25:03 - val epoch: 19, loss: 0.5583
2024-06-21 10:25:07 - train: epoch 20, iter:0, loss: 0.4790, lr: 0.0006872216535789154
2024-06-21 10:26:40 - train: epoch 20, iter:20, loss: 0.4861, lr: 0.0006872216535789154
2024-06-21 10:28:29 - val epoch: 20, loss: 0.5433
2024-06-21 10:28:37 - train: epoch 21, iter:0, loss: 0.4435, lr: 0.0006579634122155987
2024-06-21 10:30:25 - train: epoch 21, iter:20, loss: 0.4778, lr: 0.0006579634122155987
2024-06-21 10:32:26 - val epoch: 21, loss: 0.5293
2024-06-21 10:32:36 - train: epoch 22, iter:0, loss: 0.4282, lr: 0.0006281014941466028
2024-06-21 10:34:48 - train: epoch 22, iter:20, loss: 0.4660, lr: 0.0006281014941466028
2024-06-21 10:37:07 - val epoch: 22, loss: 0.5141
2024-06-21 10:37:14 - train: epoch 23, iter:0, loss: 0.4719, lr: 0.0005977537507199335
2024-06-21 10:39:23 - train: epoch 23, iter:20, loss: 0.4651, lr: 0.0005977537507199335
2024-06-21 10:41:38 - val epoch: 23, loss: 0.4973
2024-06-21 10:41:44 - train: epoch 24, iter:0, loss: 0.4599, lr: 0.0005670399506143305
2024-06-21 10:43:55 - train: epoch 24, iter:20, loss: 0.4481, lr: 0.0005670399506143305
2024-06-21 10:46:18 - val epoch: 24, loss: 0.4823
2024-06-21 10:46:24 - train: epoch 25, iter:0, loss: 0.3631, lr: 0.0005360813071670099
2024-06-21 10:48:39 - train: epoch 25, iter:20, loss: 0.4380, lr: 0.0005360813071670099
2024-06-21 10:50:59 - val epoch: 25, loss: 0.4685
2024-06-21 10:51:06 - train: epoch 26, iter:0, loss: 0.4244, lr: 0.0005049999999999998
2024-06-21 10:53:22 - train: epoch 26, iter:20, loss: 0.4305, lr: 0.0005049999999999998
2024-06-21 10:55:25 - val epoch: 26, loss: 0.4684
2024-06-21 10:55:33 - train: epoch 27, iter:0, loss: 0.4216, lr: 0.0004739186928329897
2024-06-21 10:57:39 - train: epoch 27, iter:20, loss: 0.4236, lr: 0.0004739186928329897
2024-06-21 11:00:10 - val epoch: 27, loss: 0.4674
2024-06-21 11:00:18 - train: epoch 28, iter:0, loss: 0.3670, lr: 0.0004429600493856692
2024-06-21 11:02:19 - train: epoch 28, iter:20, loss: 0.4260, lr: 0.0004429600493856692
2024-06-21 11:04:10 - val epoch: 28, loss: 0.4647
2024-06-21 11:04:13 - train: epoch 29, iter:0, loss: 0.4398, lr: 0.0004122462492800661
2024-06-21 11:05:59 - train: epoch 29, iter:20, loss: 0.4080, lr: 0.0004122462492800661
2024-06-21 11:07:56 - val epoch: 29, loss: 0.4476
2024-06-21 11:08:01 - train: epoch 30, iter:0, loss: 0.4075, lr: 0.0003818985058533967
2024-06-21 11:09:51 - train: epoch 30, iter:20, loss: 0.4021, lr: 0.0003818985058533967
2024-06-21 11:12:01 - val epoch: 30, loss: 0.4380, miou: 0.8321272392490876, f1_or_dsc: 0.9083727608243429, accuracy: 0.9839611127682697,                 specificity: 0.9899767341645157, sensitivity: 0.9203390075143321, confusion_matrix: [[15233563   154236]
 [  115903  1339050]]
2024-06-21 11:12:05 - train: epoch 31, iter:0, loss: 0.4249, lr: 0.00035203658778440103
2024-06-21 11:13:45 - train: epoch 31, iter:20, loss: 0.3847, lr: 0.00035203658778440103
2024-06-21 11:15:50 - val epoch: 31, loss: 0.4362
2024-06-21 11:15:55 - train: epoch 32, iter:0, loss: 0.3740, lr: 0.00032277834642108444
2024-06-21 11:17:41 - train: epoch 32, iter:20, loss: 0.3938, lr: 0.00032277834642108444
2024-06-21 11:19:44 - val epoch: 32, loss: 0.4352
2024-06-21 11:19:48 - train: epoch 33, iter:0, loss: 0.3992, lr: 0.0002942392506752889
2024-06-21 11:21:35 - train: epoch 33, iter:20, loss: 0.4029, lr: 0.0002942392506752889
2024-06-21 11:23:25 - val epoch: 33, loss: 0.4278
2024-06-21 11:23:30 - train: epoch 34, iter:0, loss: 0.3582, lr: 0.00026653193131965077
2024-06-21 11:25:14 - train: epoch 34, iter:20, loss: 0.3731, lr: 0.00026653193131965077
2024-06-21 11:27:10 - val epoch: 34, loss: 0.4224
2024-06-21 11:27:14 - train: epoch 35, iter:0, loss: 0.3984, lr: 0.00023976573648539642
2024-06-21 11:29:10 - train: epoch 35, iter:20, loss: 0.3804, lr: 0.00023976573648539642
2024-06-21 11:31:06 - val epoch: 35, loss: 0.4288
2024-06-21 11:31:11 - train: epoch 36, iter:0, loss: 0.4260, lr: 0.00021404630011522574
2024-06-21 11:32:55 - train: epoch 36, iter:20, loss: 0.3717, lr: 0.00021404630011522574
2024-06-21 11:34:49 - val epoch: 36, loss: 0.4333
2024-06-21 11:34:54 - train: epoch 37, iter:0, loss: 0.3519, lr: 0.00018947512507439847
2024-06-21 11:36:39 - train: epoch 37, iter:20, loss: 0.3741, lr: 0.00018947512507439847
2024-06-21 11:38:33 - val epoch: 37, loss: 0.4248
2024-06-21 11:38:37 - train: epoch 38, iter:0, loss: 0.4133, lr: 0.000166149182565299
2024-06-21 11:40:28 - train: epoch 38, iter:20, loss: 0.3662, lr: 0.000166149182565299
2024-06-21 11:42:22 - val epoch: 38, loss: 0.4259
2024-06-21 11:42:26 - train: epoch 39, iter:0, loss: 0.3615, lr: 0.00014416052942640132
2024-06-21 11:44:10 - train: epoch 39, iter:20, loss: 0.3693, lr: 0.00014416052942640132
2024-06-21 11:46:06 - val epoch: 39, loss: 0.4220
2024-06-21 11:46:10 - train: epoch 40, iter:0, loss: 0.3717, lr: 0.00012359594482598432
2024-06-21 11:47:54 - train: epoch 40, iter:20, loss: 0.3648, lr: 0.00012359594482598432
2024-06-21 11:49:51 - val epoch: 40, loss: 0.4189
2024-06-21 11:49:55 - train: epoch 41, iter:0, loss: 0.3397, lr: 0.00010453658778440102
2024-06-21 11:51:35 - train: epoch 41, iter:20, loss: 0.3611, lr: 0.00010453658778440102
2024-06-21 11:53:40 - val epoch: 41, loss: 0.4201
2024-06-21 11:53:44 - train: epoch 42, iter:0, loss: 0.3706, lr: 8.70576768765026e-05
2024-06-21 11:55:25 - train: epoch 42, iter:20, loss: 0.3628, lr: 8.70576768765026e-05
2024-06-21 11:57:24 - val epoch: 42, loss: 0.4179
2024-06-21 11:57:29 - train: epoch 43, iter:0, loss: 0.3638, lr: 7.12281933782875e-05
2024-06-21 11:59:12 - train: epoch 43, iter:20, loss: 0.3598, lr: 7.12281933782875e-05
2024-06-21 12:01:04 - val epoch: 43, loss: 0.4189
2024-06-21 12:01:09 - train: epoch 44, iter:0, loss: 0.3551, lr: 5.71106090293204e-05
2024-06-21 12:02:56 - train: epoch 44, iter:20, loss: 0.3533, lr: 5.71106090293204e-05
2024-06-21 12:04:49 - val epoch: 44, loss: 0.4157
2024-06-21 12:04:53 - train: epoch 45, iter:0, loss: 0.4473, lr: 4.4760639485315563e-05
2024-06-21 12:06:28 - train: epoch 45, iter:20, loss: 0.3535, lr: 4.4760639485315563e-05
2024-06-21 12:08:33 - val epoch: 45, loss: 0.4146
2024-06-21 12:08:37 - train: epoch 46, iter:0, loss: 0.4190, lr: 3.422702443389899e-05
2024-06-21 12:10:32 - train: epoch 46, iter:20, loss: 0.3475, lr: 3.422702443389899e-05
2024-06-21 12:12:23 - val epoch: 46, loss: 0.4149
2024-06-21 12:12:27 - train: epoch 47, iter:0, loss: 0.3455, lr: 2.5551335241327665e-05
2024-06-21 12:14:07 - train: epoch 47, iter:20, loss: 0.3527, lr: 2.5551335241327665e-05
2024-06-21 12:15:55 - val epoch: 47, loss: 0.4126
2024-06-21 12:16:00 - train: epoch 48, iter:0, loss: 0.2884, lr: 1.876781088929908e-05
2024-06-21 12:17:42 - train: epoch 48, iter:20, loss: 0.3541, lr: 1.876781088929908e-05
2024-06-21 12:19:37 - val epoch: 48, loss: 0.4122
2024-06-21 12:19:44 - train: epoch 49, iter:0, loss: 0.3616, lr: 1.3903222849333505e-05
2024-06-21 12:21:44 - train: epoch 49, iter:20, loss: 0.3522, lr: 1.3903222849333505e-05
2024-06-21 12:23:59 - val epoch: 49, loss: 0.4127
2024-06-21 12:24:06 - train: epoch 50, iter:0, loss: 0.3313, lr: 1.0976769428005579e-05
2024-06-21 12:26:12 - train: epoch 50, iter:20, loss: 0.3536, lr: 1.0976769428005579e-05
2024-06-21 12:28:40 - val epoch: 50, loss: 0.4134
2024-06-21 12:28:47 - train: epoch 51, iter:0, loss: 0.3855, lr: 1e-05
2024-06-21 12:30:51 - train: epoch 51, iter:20, loss: 0.3461, lr: 1e-05
2024-06-21 12:33:11 - val epoch: 51, loss: 0.4127
2024-06-21 12:33:18 - train: epoch 52, iter:0, loss: 0.2983, lr: 1.0976769428005579e-05
2024-06-21 12:35:26 - train: epoch 52, iter:20, loss: 0.3476, lr: 1.0976769428005579e-05
2024-06-21 12:37:47 - val epoch: 52, loss: 0.4133
2024-06-21 12:37:53 - train: epoch 53, iter:0, loss: 0.3549, lr: 1.3903222849333451e-05
2024-06-21 12:39:58 - train: epoch 53, iter:20, loss: 0.3545, lr: 1.3903222849333451e-05
2024-06-21 12:42:26 - val epoch: 53, loss: 0.4139
2024-06-21 12:42:32 - train: epoch 54, iter:0, loss: 0.3132, lr: 1.8767810889299133e-05
2024-06-21 12:44:45 - train: epoch 54, iter:20, loss: 0.3422, lr: 1.8767810889299133e-05
2024-06-21 12:47:07 - val epoch: 54, loss: 0.4153
2024-06-21 12:47:14 - train: epoch 55, iter:0, loss: 0.3337, lr: 2.555133524132755e-05
2024-06-21 12:49:23 - train: epoch 55, iter:20, loss: 0.3492, lr: 2.555133524132755e-05
2024-06-21 12:51:47 - val epoch: 55, loss: 0.4128
2024-06-21 12:51:54 - train: epoch 56, iter:0, loss: 0.3653, lr: 3.422702443389893e-05
2024-06-21 12:54:10 - train: epoch 56, iter:20, loss: 0.3455, lr: 3.422702443389893e-05
2024-06-21 12:56:27 - val epoch: 56, loss: 0.4128
2024-06-21 12:56:34 - train: epoch 57, iter:0, loss: 0.3445, lr: 4.47606394853155e-05
2024-06-21 12:58:38 - train: epoch 57, iter:20, loss: 0.3534, lr: 4.47606394853155e-05
2024-06-21 13:00:56 - val epoch: 57, loss: 0.4114
2024-06-21 13:01:02 - train: epoch 58, iter:0, loss: 0.3760, lr: 5.711060902932022e-05
2024-06-21 13:03:08 - train: epoch 58, iter:20, loss: 0.3529, lr: 5.711060902932022e-05
2024-06-21 13:05:30 - val epoch: 58, loss: 0.4143
2024-06-21 13:05:36 - train: epoch 59, iter:0, loss: 0.3537, lr: 7.122819337828748e-05
2024-06-21 13:07:45 - train: epoch 59, iter:20, loss: 0.3468, lr: 7.122819337828748e-05
2024-06-21 13:10:11 - val epoch: 59, loss: 0.4122
2024-06-21 13:10:18 - train: epoch 60, iter:0, loss: 0.3394, lr: 8.705767687650243e-05
2024-06-21 13:12:21 - train: epoch 60, iter:20, loss: 0.3501, lr: 8.705767687650243e-05
2024-06-21 13:14:45 - val epoch: 60, loss: 0.4126, miou: 0.8383819074045332, f1_or_dsc: 0.912086769378816, accuracy: 0.9847907871587731,                 specificity: 0.9915485638979298, sensitivity: 0.9133195367822878, confusion_matrix: [[15257750   130049]
 [  126116  1328837]]
2024-06-21 13:14:52 - train: epoch 61, iter:0, loss: 0.3733, lr: 0.00010453658778440077
2024-06-21 13:17:06 - train: epoch 61, iter:20, loss: 0.3449, lr: 0.00010453658778440077
2024-06-21 13:19:28 - val epoch: 61, loss: 0.4151
2024-06-21 13:19:34 - train: epoch 62, iter:0, loss: 0.3264, lr: 0.00012359594482598424
2024-06-21 13:21:33 - train: epoch 62, iter:20, loss: 0.3454, lr: 0.00012359594482598424
2024-06-21 13:23:56 - val epoch: 62, loss: 0.4130
2024-06-21 13:24:03 - train: epoch 63, iter:0, loss: 0.3208, lr: 0.00014416052942640102
2024-06-21 13:26:15 - train: epoch 63, iter:20, loss: 0.3429, lr: 0.00014416052942640102
2024-06-21 13:28:34 - val epoch: 63, loss: 0.4151
2024-06-21 13:28:42 - train: epoch 64, iter:0, loss: 0.3373, lr: 0.00016614918256529904
2024-06-21 13:30:52 - train: epoch 64, iter:20, loss: 0.3500, lr: 0.00016614918256529904
2024-06-21 13:33:11 - val epoch: 64, loss: 0.4161
2024-06-21 13:33:18 - train: epoch 65, iter:0, loss: 0.3642, lr: 0.00018947512507439858
2024-06-21 13:35:21 - train: epoch 65, iter:20, loss: 0.3508, lr: 0.00018947512507439858
2024-06-21 13:37:41 - val epoch: 65, loss: 0.4162
2024-06-21 13:37:48 - train: epoch 66, iter:0, loss: 0.3454, lr: 0.00021404630011522563
2024-06-21 13:39:59 - train: epoch 66, iter:20, loss: 0.3469, lr: 0.00021404630011522563
2024-06-21 13:42:25 - val epoch: 66, loss: 0.4162
2024-06-21 13:42:31 - train: epoch 67, iter:0, loss: 0.3764, lr: 0.00023976573648539672
2024-06-21 13:44:41 - train: epoch 67, iter:20, loss: 0.3504, lr: 0.00023976573648539672
2024-06-21 13:47:08 - val epoch: 67, loss: 0.4110
2024-06-21 13:47:14 - train: epoch 68, iter:0, loss: 0.3466, lr: 0.0002665319313196509
2024-06-21 13:49:24 - train: epoch 68, iter:20, loss: 0.3421, lr: 0.0002665319313196509
2024-06-21 13:51:44 - val epoch: 68, loss: 0.4386
2024-06-21 13:51:50 - train: epoch 69, iter:0, loss: 0.3481, lr: 0.00029423925067528913
2024-06-21 13:53:57 - train: epoch 69, iter:20, loss: 0.3421, lr: 0.00029423925067528913
2024-06-21 13:56:20 - val epoch: 69, loss: 0.4112
2024-06-21 13:56:27 - train: epoch 70, iter:0, loss: 0.3417, lr: 0.00032277834642108433
2024-06-21 13:58:30 - train: epoch 70, iter:20, loss: 0.3415, lr: 0.00032277834642108433
2024-06-21 14:00:54 - val epoch: 70, loss: 0.4196
2024-06-21 14:01:01 - train: epoch 71, iter:0, loss: 0.3282, lr: 0.00035203658778440076
2024-06-21 14:03:16 - train: epoch 71, iter:20, loss: 0.3502, lr: 0.00035203658778440076
2024-06-21 14:05:43 - val epoch: 71, loss: 0.4160
2024-06-21 14:05:49 - train: epoch 72, iter:0, loss: 0.3204, lr: 0.00038189850585339686
2024-06-21 14:07:54 - train: epoch 72, iter:20, loss: 0.3480, lr: 0.00038189850585339686
2024-06-21 14:10:10 - val epoch: 72, loss: 0.4311
2024-06-21 14:10:17 - train: epoch 73, iter:0, loss: 0.3223, lr: 0.0004122462492800661
2024-06-21 14:12:24 - train: epoch 73, iter:20, loss: 0.3459, lr: 0.0004122462492800661
2024-06-21 14:14:43 - val epoch: 73, loss: 0.4289
2024-06-21 14:14:51 - train: epoch 74, iter:0, loss: 0.3750, lr: 0.000442960049385669
2024-06-21 14:16:57 - train: epoch 74, iter:20, loss: 0.3418, lr: 0.000442960049385669
2024-06-21 14:19:24 - val epoch: 74, loss: 0.4420
2024-06-21 14:19:31 - train: epoch 75, iter:0, loss: 0.3381, lr: 0.00047391869283298975
2024-06-21 14:21:32 - train: epoch 75, iter:20, loss: 0.3499, lr: 0.00047391869283298975
2024-06-21 14:24:00 - val epoch: 75, loss: 0.4160
2024-06-21 14:24:07 - train: epoch 76, iter:0, loss: 0.4093, lr: 0.0005049999999999997
2024-06-21 14:26:14 - train: epoch 76, iter:20, loss: 0.3452, lr: 0.0005049999999999997
2024-06-21 14:28:37 - val epoch: 76, loss: 0.4123
2024-06-21 14:28:43 - train: epoch 77, iter:0, loss: 0.4168, lr: 0.0005360813071670096
2024-06-21 14:30:48 - train: epoch 77, iter:20, loss: 0.3470, lr: 0.0005360813071670096
2024-06-21 14:33:13 - val epoch: 77, loss: 0.3973
2024-06-21 14:33:20 - train: epoch 78, iter:0, loss: 0.3286, lr: 0.0005670399506143304
2024-06-21 14:35:32 - train: epoch 78, iter:20, loss: 0.3354, lr: 0.0005670399506143304
2024-06-21 14:37:54 - val epoch: 78, loss: 0.4032
2024-06-21 14:38:00 - train: epoch 79, iter:0, loss: 0.3510, lr: 0.0005977537507199333
2024-06-21 14:40:08 - train: epoch 79, iter:20, loss: 0.3437, lr: 0.0005977537507199333
2024-06-21 14:42:16 - val epoch: 79, loss: 0.4282
2024-06-21 14:42:23 - train: epoch 80, iter:0, loss: 0.3406, lr: 0.0006281014941466028
2024-06-21 14:44:38 - train: epoch 80, iter:20, loss: 0.3594, lr: 0.0006281014941466028
2024-06-21 14:46:59 - val epoch: 80, loss: 0.4374
2024-06-21 14:47:04 - train: epoch 81, iter:0, loss: 0.3896, lr: 0.0006579634122155985
2024-06-21 14:49:15 - train: epoch 81, iter:20, loss: 0.3501, lr: 0.0006579634122155985
2024-06-21 14:51:38 - val epoch: 81, loss: 0.4172
2024-06-21 14:51:45 - train: epoch 82, iter:0, loss: 0.3052, lr: 0.000687221653578915
2024-06-21 14:53:50 - train: epoch 82, iter:20, loss: 0.3767, lr: 0.000687221653578915
2024-06-21 14:56:13 - val epoch: 82, loss: 0.4141
2024-06-21 14:56:20 - train: epoch 83, iter:0, loss: 0.3385, lr: 0.0007157607493247102
2024-06-21 14:58:32 - train: epoch 83, iter:20, loss: 0.3596, lr: 0.0007157607493247102
2024-06-21 15:00:48 - val epoch: 83, loss: 0.4554
2024-06-21 15:00:54 - train: epoch 84, iter:0, loss: 0.3423, lr: 0.0007434680686803489
2024-06-21 15:03:06 - train: epoch 84, iter:20, loss: 0.3477, lr: 0.0007434680686803489
2024-06-21 15:05:29 - val epoch: 84, loss: 0.4040
2024-06-21 15:05:37 - train: epoch 85, iter:0, loss: 0.3052, lr: 0.0007702342635146031
2024-06-21 15:07:41 - train: epoch 85, iter:20, loss: 0.3239, lr: 0.0007702342635146031
2024-06-21 15:10:08 - val epoch: 85, loss: 0.3896
2024-06-21 15:10:15 - train: epoch 86, iter:0, loss: 0.3267, lr: 0.0007959536998847739
2024-06-21 15:12:26 - train: epoch 86, iter:20, loss: 0.3319, lr: 0.0007959536998847739
2024-06-21 15:14:49 - val epoch: 86, loss: 0.4095
2024-06-21 15:14:55 - train: epoch 87, iter:0, loss: 0.3109, lr: 0.0008205248749256009
2024-06-21 15:17:02 - train: epoch 87, iter:20, loss: 0.3341, lr: 0.0008205248749256009
2024-06-21 15:19:20 - val epoch: 87, loss: 0.4048
2024-06-21 15:19:27 - train: epoch 88, iter:0, loss: 0.2821, lr: 0.0008438508174347003
2024-06-21 15:21:41 - train: epoch 88, iter:20, loss: 0.3191, lr: 0.0008438508174347003
2024-06-21 15:24:03 - val epoch: 88, loss: 0.3794
2024-06-21 15:24:10 - train: epoch 89, iter:0, loss: 0.3686, lr: 0.0008658394705735983
2024-06-21 15:26:14 - train: epoch 89, iter:20, loss: 0.3163, lr: 0.0008658394705735983
2024-06-21 15:28:44 - val epoch: 89, loss: 0.3812
2024-06-21 15:28:50 - train: epoch 90, iter:0, loss: 0.3499, lr: 0.0008864040551740155
2024-06-21 15:31:00 - train: epoch 90, iter:20, loss: 0.3237, lr: 0.0008864040551740155
2024-06-21 15:33:27 - val epoch: 90, loss: 0.3775, miou: 0.8561368993555984, f1_or_dsc: 0.9224932704617063, accuracy: 0.9865236393672483,                 specificity: 0.9920203012789548, sensitivity: 0.9283901266913777, confusion_matrix: [[15265009   122790]
 [  104189  1350764]]
2024-06-21 15:33:33 - train: epoch 91, iter:0, loss: 0.3172, lr: 0.0009054634122155987
2024-06-21 15:35:49 - train: epoch 91, iter:20, loss: 0.3061, lr: 0.0009054634122155987
2024-06-21 15:38:11 - val epoch: 91, loss: 0.3679
2024-06-21 15:38:18 - train: epoch 92, iter:0, loss: 0.2804, lr: 0.0009229423231234971
2024-06-21 15:40:27 - train: epoch 92, iter:20, loss: 0.3152, lr: 0.0009229423231234971
2024-06-21 15:42:43 - val epoch: 92, loss: 0.3917
2024-06-21 15:42:49 - train: epoch 93, iter:0, loss: 0.3033, lr: 0.0009387718066217119
2024-06-21 15:45:05 - train: epoch 93, iter:20, loss: 0.3185, lr: 0.0009387718066217119
2024-06-21 15:47:25 - val epoch: 93, loss: 0.3816
2024-06-21 15:47:32 - train: epoch 94, iter:0, loss: 0.3687, lr: 0.0009528893909706792
2024-06-21 15:49:37 - train: epoch 94, iter:20, loss: 0.3005, lr: 0.0009528893909706792
2024-06-21 15:52:00 - val epoch: 94, loss: 0.3866
2024-06-21 15:52:07 - train: epoch 95, iter:0, loss: 0.3172, lr: 0.000965239360514684
2024-06-21 15:54:12 - train: epoch 95, iter:20, loss: 0.2969, lr: 0.000965239360514684
2024-06-21 15:56:34 - val epoch: 95, loss: 0.3649
2024-06-21 15:56:40 - train: epoch 96, iter:0, loss: 0.2896, lr: 0.0009757729755661005
2024-06-21 15:58:46 - train: epoch 96, iter:20, loss: 0.3635, lr: 0.0009757729755661005
2024-06-21 16:01:07 - val epoch: 96, loss: 0.3465
2024-06-21 16:01:13 - train: epoch 97, iter:0, loss: 0.3212, lr: 0.0009844486647586717
2024-06-21 16:03:31 - train: epoch 97, iter:20, loss: 0.3058, lr: 0.0009844486647586717
2024-06-21 16:05:44 - val epoch: 97, loss: 0.4208
2024-06-21 16:05:51 - train: epoch 98, iter:0, loss: 0.3576, lr: 0.0009912321891107003
2024-06-21 16:08:04 - train: epoch 98, iter:20, loss: 0.3161, lr: 0.0009912321891107003
2024-06-21 16:10:21 - val epoch: 98, loss: 0.3578
2024-06-21 16:10:28 - train: epoch 99, iter:0, loss: 0.2785, lr: 0.0009960967771506658
2024-06-21 16:12:38 - train: epoch 99, iter:20, loss: 0.2936, lr: 0.0009960967771506658
2024-06-21 16:15:02 - val epoch: 99, loss: 0.3475
2024-06-21 16:15:09 - train: epoch 100, iter:0, loss: 0.2949, lr: 0.0009990232305719937
2024-06-21 16:17:16 - train: epoch 100, iter:20, loss: 0.2874, lr: 0.0009990232305719937
2024-06-21 16:19:38 - val epoch: 100, loss: 0.3771
2024-06-21 16:19:45 - train: epoch 101, iter:0, loss: 0.2868, lr: 0.0009999999999999994
2024-06-21 16:21:50 - train: epoch 101, iter:20, loss: 0.2842, lr: 0.0009999999999999994
2024-06-21 16:24:11 - val epoch: 101, loss: 0.3980
2024-06-21 16:24:18 - train: epoch 102, iter:0, loss: 0.2655, lr: 0.0009990232305719937
2024-06-21 16:26:33 - train: epoch 102, iter:20, loss: 0.3166, lr: 0.0009990232305719937
2024-06-21 16:28:59 - val epoch: 102, loss: 0.3442
2024-06-21 16:29:06 - train: epoch 103, iter:0, loss: 0.2573, lr: 0.0009960967771506658
2024-06-21 16:31:17 - train: epoch 103, iter:20, loss: 0.2732, lr: 0.0009960967771506658
2024-06-21 16:33:38 - val epoch: 103, loss: 0.3249
2024-06-21 16:33:45 - train: epoch 104, iter:0, loss: 0.2845, lr: 0.0009912321891107
2024-06-21 16:35:59 - train: epoch 104, iter:20, loss: 0.2749, lr: 0.0009912321891107
2024-06-21 16:38:20 - val epoch: 104, loss: 0.3306
2024-06-21 16:38:27 - train: epoch 105, iter:0, loss: 0.2853, lr: 0.0009844486647586715
2024-06-21 16:40:38 - train: epoch 105, iter:20, loss: 0.2748, lr: 0.0009844486647586715
2024-06-21 16:42:57 - val epoch: 105, loss: 0.3219
2024-06-21 16:43:04 - train: epoch 106, iter:0, loss: 0.2390, lr: 0.0009757729755661002
2024-06-21 16:45:10 - train: epoch 106, iter:20, loss: 0.2699, lr: 0.0009757729755661002
2024-06-21 16:47:39 - val epoch: 106, loss: 0.3204
2024-06-21 16:47:46 - train: epoch 107, iter:0, loss: 0.2599, lr: 0.0009652393605146837
2024-06-21 16:49:56 - train: epoch 107, iter:20, loss: 0.2644, lr: 0.0009652393605146837
2024-06-21 16:52:19 - val epoch: 107, loss: 0.3170
2024-06-21 16:52:27 - train: epoch 108, iter:0, loss: 0.2345, lr: 0.000952889390970679
2024-06-21 16:54:37 - train: epoch 108, iter:20, loss: 0.2590, lr: 0.000952889390970679
2024-06-21 16:57:01 - val epoch: 108, loss: 0.3084
2024-06-21 16:57:09 - train: epoch 109, iter:0, loss: 0.2884, lr: 0.0009387718066217118
2024-06-21 16:59:22 - train: epoch 109, iter:20, loss: 0.2713, lr: 0.0009387718066217118
2024-06-21 17:01:45 - val epoch: 109, loss: 0.3254
2024-06-21 17:01:51 - train: epoch 110, iter:0, loss: 0.3151, lr: 0.0009229423231234969
2024-06-21 17:04:04 - train: epoch 110, iter:20, loss: 0.2599, lr: 0.0009229423231234969
2024-06-21 17:05:54 - val epoch: 110, loss: 0.3492
2024-06-21 17:05:58 - train: epoch 111, iter:0, loss: 0.2569, lr: 0.0009054634122155982
2024-06-21 17:07:37 - train: epoch 111, iter:20, loss: 0.2514, lr: 0.0009054634122155982
2024-06-21 17:09:21 - val epoch: 111, loss: 0.3023
2024-06-21 17:09:25 - train: epoch 112, iter:0, loss: 0.2403, lr: 0.0008864040551740147
2024-06-21 17:10:58 - train: epoch 112, iter:20, loss: 0.2485, lr: 0.0008864040551740147
2024-06-21 17:12:48 - val epoch: 112, loss: 0.3119
2024-06-21 17:12:52 - train: epoch 113, iter:0, loss: 0.2003, lr: 0.0008658394705735979
2024-06-21 17:14:29 - train: epoch 113, iter:20, loss: 0.2442, lr: 0.0008658394705735979
2024-06-21 17:16:16 - val epoch: 113, loss: 0.3061
2024-06-21 17:16:21 - train: epoch 114, iter:0, loss: 0.2216, lr: 0.0008438508174347002
2024-06-21 17:18:07 - train: epoch 114, iter:20, loss: 0.2416, lr: 0.0008438508174347002
2024-06-21 17:20:01 - val epoch: 114, loss: 0.3317
2024-06-21 17:20:05 - train: epoch 115, iter:0, loss: 0.2529, lr: 0.0008205248749256007
2024-06-21 17:21:38 - train: epoch 115, iter:20, loss: 0.2496, lr: 0.0008205248749256007
2024-06-21 17:23:29 - val epoch: 115, loss: 0.3184
2024-06-21 17:23:33 - train: epoch 116, iter:0, loss: 0.2298, lr: 0.0007959536998847731
2024-06-21 17:25:12 - train: epoch 116, iter:20, loss: 0.2448, lr: 0.0007959536998847731
2024-06-21 17:27:01 - val epoch: 116, loss: 0.2944
2024-06-21 17:27:04 - train: epoch 117, iter:0, loss: 0.2276, lr: 0.0007702342635146026
2024-06-21 17:28:45 - train: epoch 117, iter:20, loss: 0.2367, lr: 0.0007702342635146026
2024-06-21 17:30:38 - val epoch: 117, loss: 0.3225
2024-06-21 17:30:42 - train: epoch 118, iter:0, loss: 0.2320, lr: 0.0007434680686803485
2024-06-21 17:32:27 - train: epoch 118, iter:20, loss: 0.2522, lr: 0.0007434680686803485
2024-06-21 17:34:16 - val epoch: 118, loss: 0.3062
2024-06-21 17:34:21 - train: epoch 119, iter:0, loss: 0.2097, lr: 0.0007157607493247105
2024-06-21 17:35:51 - train: epoch 119, iter:20, loss: 0.2344, lr: 0.0007157607493247105
2024-06-21 17:37:41 - val epoch: 119, loss: 0.3035
2024-06-21 17:37:45 - train: epoch 120, iter:0, loss: 0.2212, lr: 0.0006872216535789154
2024-06-21 17:39:23 - train: epoch 120, iter:20, loss: 0.2316, lr: 0.0006872216535789154
2024-06-21 17:41:03 - val epoch: 120, loss: 0.2975, miou: 0.88829412593323, f1_or_dsc: 0.9408429690414024, accuracy: 0.9897360003875851,                 specificity: 0.9939803606740639, sensitivity: 0.9448470156767951, confusion_matrix: [[15295170    92629]
 [   80245  1374708]]
2024-06-21 17:41:07 - train: epoch 121, iter:0, loss: 0.2258, lr: 0.0006579634122155989
2024-06-21 17:42:32 - train: epoch 121, iter:20, loss: 0.2311, lr: 0.0006579634122155989
2024-06-21 17:44:27 - val epoch: 121, loss: 0.2927
2024-06-21 17:44:32 - train: epoch 122, iter:0, loss: 0.2533, lr: 0.0006281014941466024
2024-06-21 17:46:03 - train: epoch 122, iter:20, loss: 0.2287, lr: 0.0006281014941466024
2024-06-21 17:47:47 - val epoch: 122, loss: 0.3007
2024-06-21 17:47:51 - train: epoch 123, iter:0, loss: 0.2099, lr: 0.0005977537507199332
2024-06-21 17:49:29 - train: epoch 123, iter:20, loss: 0.2309, lr: 0.0005977537507199332
2024-06-21 17:51:24 - val epoch: 123, loss: 0.2921
2024-06-21 17:51:28 - train: epoch 124, iter:0, loss: 0.1766, lr: 0.0005670399506143303
2024-06-21 17:53:02 - train: epoch 124, iter:20, loss: 0.2188, lr: 0.0005670399506143303
2024-06-21 17:54:51 - val epoch: 124, loss: 0.3069
2024-06-21 17:54:55 - train: epoch 125, iter:0, loss: 0.2266, lr: 0.00053608130716701
2024-06-21 17:56:42 - train: epoch 125, iter:20, loss: 0.2261, lr: 0.00053608130716701
2024-06-21 17:58:33 - val epoch: 125, loss: 0.3040
2024-06-21 17:58:37 - train: epoch 126, iter:0, loss: 0.2046, lr: 0.0005050000000000001
2024-06-21 18:00:18 - train: epoch 126, iter:20, loss: 0.2170, lr: 0.0005050000000000001
2024-06-21 18:02:05 - val epoch: 126, loss: 0.2924
2024-06-21 18:02:09 - train: epoch 127, iter:0, loss: 0.1959, lr: 0.0004739186928329894
2024-06-21 18:03:43 - train: epoch 127, iter:20, loss: 0.2197, lr: 0.0004739186928329894
2024-06-21 18:05:31 - val epoch: 127, loss: 0.2881
2024-06-21 18:05:35 - train: epoch 128, iter:0, loss: 0.1996, lr: 0.0004429600493856691
2024-06-21 18:07:08 - train: epoch 128, iter:20, loss: 0.2168, lr: 0.0004429600493856691
2024-06-21 18:09:02 - val epoch: 128, loss: 0.2826
2024-06-21 18:09:06 - train: epoch 129, iter:0, loss: 0.1917, lr: 0.0004122462492800658
2024-06-21 18:10:36 - train: epoch 129, iter:20, loss: 0.2159, lr: 0.0004122462492800658
2024-06-21 18:12:26 - val epoch: 129, loss: 0.2843
2024-06-21 18:12:30 - train: epoch 130, iter:0, loss: 0.2161, lr: 0.00038189850585339653
2024-06-21 18:14:10 - train: epoch 130, iter:20, loss: 0.2151, lr: 0.00038189850585339653
2024-06-21 18:16:03 - val epoch: 130, loss: 0.2894
2024-06-21 18:16:07 - train: epoch 131, iter:0, loss: 0.2266, lr: 0.0003520365877844009
2024-06-21 18:17:45 - train: epoch 131, iter:20, loss: 0.2131, lr: 0.0003520365877844009
2024-06-21 18:19:35 - val epoch: 131, loss: 0.2958
2024-06-21 18:19:39 - train: epoch 132, iter:0, loss: 0.1848, lr: 0.00032277834642108455
2024-06-21 18:21:25 - train: epoch 132, iter:20, loss: 0.2082, lr: 0.00032277834642108455
2024-06-21 18:23:14 - val epoch: 132, loss: 0.2857
2024-06-21 18:23:19 - train: epoch 133, iter:0, loss: 0.2493, lr: 0.0002942392506752885
2024-06-21 18:25:03 - train: epoch 133, iter:20, loss: 0.2060, lr: 0.0002942392506752885
2024-06-21 18:26:56 - val epoch: 133, loss: 0.2869
2024-06-21 18:27:00 - train: epoch 134, iter:0, loss: 0.2036, lr: 0.00026653193131965055
2024-06-21 18:28:43 - train: epoch 134, iter:20, loss: 0.2068, lr: 0.00026653193131965055
2024-06-21 18:30:48 - val epoch: 134, loss: 0.2828
2024-06-21 18:30:53 - train: epoch 135, iter:0, loss: 0.2067, lr: 0.00023976573648539642
2024-06-21 18:32:30 - train: epoch 135, iter:20, loss: 0.2088, lr: 0.00023976573648539642
2024-06-21 18:34:27 - val epoch: 135, loss: 0.2829
2024-06-21 18:34:32 - train: epoch 136, iter:0, loss: 0.1978, lr: 0.0002140463001152257
2024-06-21 18:36:07 - train: epoch 136, iter:20, loss: 0.2031, lr: 0.0002140463001152257
2024-06-21 18:38:07 - val epoch: 136, loss: 0.2867
2024-06-21 18:38:11 - train: epoch 137, iter:0, loss: 0.1926, lr: 0.000189475125074398
2024-06-21 18:40:01 - train: epoch 137, iter:20, loss: 0.2010, lr: 0.000189475125074398
2024-06-21 18:42:02 - val epoch: 137, loss: 0.2840
2024-06-21 18:42:07 - train: epoch 138, iter:0, loss: 0.1991, lr: 0.00016614918256529872
2024-06-21 18:43:53 - train: epoch 138, iter:20, loss: 0.2010, lr: 0.00016614918256529872
2024-06-21 18:45:51 - val epoch: 138, loss: 0.2815
2024-06-21 18:45:56 - train: epoch 139, iter:0, loss: 0.1881, lr: 0.00014416052942640105
2024-06-21 18:47:39 - train: epoch 139, iter:20, loss: 0.2027, lr: 0.00014416052942640105
2024-06-21 18:49:37 - val epoch: 139, loss: 0.2801
2024-06-21 18:49:42 - train: epoch 140, iter:0, loss: 0.1867, lr: 0.0001235959448259842
2024-06-21 18:51:30 - train: epoch 140, iter:20, loss: 0.2010, lr: 0.0001235959448259842
2024-06-21 18:53:23 - val epoch: 140, loss: 0.2823
2024-06-21 18:53:28 - train: epoch 141, iter:0, loss: 0.2070, lr: 0.00010453658778440103
2024-06-21 18:55:10 - train: epoch 141, iter:20, loss: 0.2010, lr: 0.00010453658778440103
2024-06-21 18:57:16 - val epoch: 141, loss: 0.2835
2024-06-21 18:57:21 - train: epoch 142, iter:0, loss: 0.1930, lr: 8.705767687650263e-05
2024-06-21 18:59:06 - train: epoch 142, iter:20, loss: 0.1998, lr: 8.705767687650263e-05
2024-06-21 19:01:02 - val epoch: 142, loss: 0.2832
2024-06-21 19:01:06 - train: epoch 143, iter:0, loss: 0.2278, lr: 7.12281933782873e-05
2024-06-21 19:02:49 - train: epoch 143, iter:20, loss: 0.2015, lr: 7.12281933782873e-05
2024-06-21 19:04:51 - val epoch: 143, loss: 0.2829
2024-06-21 19:04:56 - train: epoch 144, iter:0, loss: 0.2211, lr: 5.711060902932021e-05
2024-06-21 19:06:44 - train: epoch 144, iter:20, loss: 0.1997, lr: 5.711060902932021e-05
2024-06-21 19:08:48 - val epoch: 144, loss: 0.2815
2024-06-21 19:08:52 - train: epoch 145, iter:0, loss: 0.1827, lr: 4.4760639485315496e-05
2024-06-21 19:10:51 - train: epoch 145, iter:20, loss: 0.1970, lr: 4.4760639485315496e-05
2024-06-21 19:12:51 - val epoch: 145, loss: 0.2830
2024-06-21 19:12:56 - train: epoch 146, iter:0, loss: 0.1903, lr: 3.422702443389903e-05
2024-06-21 19:14:32 - train: epoch 146, iter:20, loss: 0.1942, lr: 3.422702443389903e-05
2024-06-21 19:16:31 - val epoch: 146, loss: 0.2820
2024-06-21 19:16:36 - train: epoch 147, iter:0, loss: 0.1910, lr: 2.555133524132766e-05
2024-06-21 19:18:25 - train: epoch 147, iter:20, loss: 0.1976, lr: 2.555133524132766e-05
2024-06-21 19:20:31 - val epoch: 147, loss: 0.2816
2024-06-21 19:20:36 - train: epoch 148, iter:0, loss: 0.1997, lr: 1.876781088929902e-05
2024-06-21 19:22:24 - train: epoch 148, iter:20, loss: 0.1973, lr: 1.876781088929902e-05
2024-06-21 19:24:20 - val epoch: 148, loss: 0.2811
2024-06-21 19:24:25 - train: epoch 149, iter:0, loss: 0.1873, lr: 1.390322284933345e-05
2024-06-21 19:26:02 - train: epoch 149, iter:20, loss: 0.1954, lr: 1.390322284933345e-05
2024-06-21 19:27:54 - val epoch: 149, loss: 0.2813
2024-06-21 19:27:59 - train: epoch 150, iter:0, loss: 0.1768, lr: 1.0976769428005579e-05
2024-06-21 19:30:02 - train: epoch 150, iter:20, loss: 0.1931, lr: 1.0976769428005579e-05
2024-06-21 19:32:34 - val epoch: 150, loss: 0.2810, miou: 0.895579509397318, f1_or_dsc: 0.9449136846621213, accuracy: 0.9904553008914457,                 specificity: 0.9945033074580711, sensitivity: 0.9476429822819019, confusion_matrix: [[15303217    84582]
 [   76177  1378776]]
2024-06-21 19:32:40 - train: epoch 151, iter:0, loss: 0.1922, lr: 1e-05
2024-06-21 19:34:33 - train: epoch 151, iter:20, loss: 0.1910, lr: 1e-05
2024-06-21 19:36:38 - val epoch: 151, loss: 0.2805
2024-06-21 19:36:43 - train: epoch 152, iter:0, loss: 0.2119, lr: 1.0976769428005579e-05
2024-06-21 19:38:21 - train: epoch 152, iter:20, loss: 0.1942, lr: 1.0976769428005579e-05
2024-06-21 19:40:27 - val epoch: 152, loss: 0.2811
2024-06-21 19:40:32 - train: epoch 153, iter:0, loss: 0.1956, lr: 1.3903222849333397e-05
2024-06-21 19:42:16 - train: epoch 153, iter:20, loss: 0.1931, lr: 1.3903222849333397e-05
2024-06-21 19:44:19 - val epoch: 153, loss: 0.2811
2024-06-21 19:44:24 - train: epoch 154, iter:0, loss: 0.1894, lr: 1.8767810889299137e-05
2024-06-21 19:46:12 - train: epoch 154, iter:20, loss: 0.1953, lr: 1.8767810889299137e-05
2024-06-21 19:48:13 - val epoch: 154, loss: 0.2811
2024-06-21 19:48:18 - train: epoch 155, iter:0, loss: 0.1946, lr: 2.555133524132761e-05
2024-06-21 19:50:06 - train: epoch 155, iter:20, loss: 0.1973, lr: 2.555133524132761e-05
2024-06-21 19:52:32 - val epoch: 155, loss: 0.2820
2024-06-21 19:52:39 - train: epoch 156, iter:0, loss: 0.1862, lr: 3.422702443389894e-05
2024-06-21 19:54:52 - train: epoch 156, iter:20, loss: 0.1924, lr: 3.422702443389894e-05
2024-06-21 19:57:18 - val epoch: 156, loss: 0.2817
2024-06-21 19:57:24 - train: epoch 157, iter:0, loss: 0.2031, lr: 4.476063948531541e-05
2024-06-21 19:59:32 - train: epoch 157, iter:20, loss: 0.1976, lr: 4.476063948531541e-05
2024-06-21 20:01:59 - val epoch: 157, loss: 0.2812
2024-06-21 20:02:06 - train: epoch 158, iter:0, loss: 0.1903, lr: 5.711060902932007e-05
2024-06-21 20:04:18 - train: epoch 158, iter:20, loss: 0.1940, lr: 5.711060902932007e-05
2024-06-21 20:06:41 - val epoch: 158, loss: 0.2814
2024-06-21 20:06:48 - train: epoch 159, iter:0, loss: 0.1825, lr: 7.122819337828756e-05
2024-06-21 20:09:00 - train: epoch 159, iter:20, loss: 0.1947, lr: 7.122819337828756e-05
2024-06-21 20:11:34 - val epoch: 159, loss: 0.2805
2024-06-21 20:11:42 - train: epoch 160, iter:0, loss: 0.2048, lr: 8.705767687650251e-05
2024-06-21 20:13:53 - train: epoch 160, iter:20, loss: 0.1979, lr: 8.705767687650251e-05
2024-06-21 20:16:24 - val epoch: 160, loss: 0.2833
2024-06-21 20:16:30 - train: epoch 161, iter:0, loss: 0.1971, lr: 0.00010453658778440087
2024-06-21 20:18:39 - train: epoch 161, iter:20, loss: 0.1957, lr: 0.00010453658778440087
2024-06-21 20:20:51 - val epoch: 161, loss: 0.2851
2024-06-21 20:20:58 - train: epoch 162, iter:0, loss: 0.1880, lr: 0.00012359594482598405
2024-06-21 20:23:16 - train: epoch 162, iter:20, loss: 0.1937, lr: 0.00012359594482598405
2024-06-21 20:25:49 - val epoch: 162, loss: 0.2820
2024-06-21 20:25:55 - train: epoch 163, iter:0, loss: 0.1890, lr: 0.00014416052942640083
2024-06-21 20:28:10 - train: epoch 163, iter:20, loss: 0.1984, lr: 0.00014416052942640083
2024-06-21 20:30:37 - val epoch: 163, loss: 0.2827
2024-06-21 20:30:45 - train: epoch 164, iter:0, loss: 0.1836, lr: 0.00016614918256529853
2024-06-21 20:32:54 - train: epoch 164, iter:20, loss: 0.1923, lr: 0.00016614918256529853
2024-06-21 20:35:23 - val epoch: 164, loss: 0.2832
2024-06-21 20:35:30 - train: epoch 165, iter:0, loss: 0.1938, lr: 0.00018947512507439787
2024-06-21 20:37:33 - train: epoch 165, iter:20, loss: 0.1981, lr: 0.00018947512507439787
2024-06-21 20:40:07 - val epoch: 165, loss: 0.2884
2024-06-21 20:40:14 - train: epoch 166, iter:0, loss: 0.1760, lr: 0.00021404630011522487
2024-06-21 20:42:25 - train: epoch 166, iter:20, loss: 0.1991, lr: 0.00021404630011522487
2024-06-21 20:45:00 - val epoch: 166, loss: 0.2838
2024-06-21 20:45:07 - train: epoch 167, iter:0, loss: 0.2058, lr: 0.00023976573648539702
2024-06-21 20:47:23 - train: epoch 167, iter:20, loss: 0.1964, lr: 0.00023976573648539702
2024-06-21 20:49:59 - val epoch: 167, loss: 0.2899
2024-06-21 20:50:06 - train: epoch 168, iter:0, loss: 0.2365, lr: 0.0002665319313196511
2024-06-21 20:52:20 - train: epoch 168, iter:20, loss: 0.1978, lr: 0.0002665319313196511
2024-06-21 20:54:55 - val epoch: 168, loss: 0.2800
2024-06-21 20:55:02 - train: epoch 169, iter:0, loss: 0.2018, lr: 0.000294239250675289
2024-06-21 20:56:54 - train: epoch 169, iter:20, loss: 0.2017, lr: 0.000294239250675289
2024-06-21 20:58:54 - val epoch: 169, loss: 0.2920
2024-06-21 20:58:59 - train: epoch 170, iter:0, loss: 0.1870, lr: 0.0003227783464210843
2024-06-21 21:00:29 - train: epoch 170, iter:20, loss: 0.1990, lr: 0.0003227783464210843
2024-06-21 21:02:25 - val epoch: 170, loss: 0.2860
2024-06-21 21:02:30 - train: epoch 171, iter:0, loss: 0.2007, lr: 0.0003520365877844007
2024-06-21 21:04:04 - train: epoch 171, iter:20, loss: 0.1984, lr: 0.0003520365877844007
2024-06-21 21:06:05 - val epoch: 171, loss: 0.2849
2024-06-21 21:06:11 - train: epoch 172, iter:0, loss: 0.2164, lr: 0.0003818985058533964
2024-06-21 21:07:46 - train: epoch 172, iter:20, loss: 0.1985, lr: 0.0003818985058533964
2024-06-21 21:09:41 - val epoch: 172, loss: 0.2844
2024-06-21 21:09:45 - train: epoch 173, iter:0, loss: 0.2267, lr: 0.0004122462492800657
2024-06-21 21:11:28 - train: epoch 173, iter:20, loss: 0.1940, lr: 0.0004122462492800657
2024-06-21 21:13:24 - val epoch: 173, loss: 0.2878
2024-06-21 21:13:28 - train: epoch 174, iter:0, loss: 0.1923, lr: 0.0004429600493856686
2024-06-21 21:15:10 - train: epoch 174, iter:20, loss: 0.1964, lr: 0.0004429600493856686
2024-06-21 21:17:05 - val epoch: 174, loss: 0.2984
2024-06-21 21:17:10 - train: epoch 175, iter:0, loss: 0.2351, lr: 0.00047391869283298883
2024-06-21 21:18:48 - train: epoch 175, iter:20, loss: 0.2029, lr: 0.00047391869283298883
2024-06-21 21:20:44 - val epoch: 175, loss: 0.2972
2024-06-21 21:20:48 - train: epoch 176, iter:0, loss: 0.1899, lr: 0.0005049999999999987
2024-06-21 21:22:25 - train: epoch 176, iter:20, loss: 0.2047, lr: 0.0005049999999999987
2024-06-21 21:24:22 - val epoch: 176, loss: 0.2885
2024-06-21 21:24:26 - train: epoch 177, iter:0, loss: 0.1693, lr: 0.0005360813071670096
2024-06-21 21:26:03 - train: epoch 177, iter:20, loss: 0.2037, lr: 0.0005360813071670096
2024-06-21 21:27:59 - val epoch: 177, loss: 0.2904
2024-06-21 21:28:03 - train: epoch 178, iter:0, loss: 0.1905, lr: 0.0005670399506143308
2024-06-21 21:29:37 - train: epoch 178, iter:20, loss: 0.2189, lr: 0.0005670399506143308
2024-06-21 21:31:29 - val epoch: 178, loss: 0.3050
2024-06-21 21:31:35 - train: epoch 179, iter:0, loss: 0.1947, lr: 0.0005977537507199336
2024-06-21 21:33:45 - train: epoch 179, iter:20, loss: 0.2124, lr: 0.0005977537507199336
2024-06-21 21:36:19 - val epoch: 179, loss: 0.2828
2024-06-21 21:36:26 - train: epoch 180, iter:0, loss: 0.1966, lr: 0.0006281014941466028
2024-06-21 21:38:36 - train: epoch 180, iter:20, loss: 0.2090, lr: 0.0006281014941466028
2024-06-21 21:41:08 - val epoch: 180, loss: 0.2858, miou: 0.8938377880077534, f1_or_dsc: 0.9439433447444697, accuracy: 0.9902087853576422,                 specificity: 0.9936031137396583, sensitivity: 0.9543098643048951, confusion_matrix: [[15289365    98434]
 [   66477  1388476]]
2024-06-21 21:41:13 - train: epoch 181, iter:0, loss: 0.1958, lr: 0.0006579634122155985
2024-06-21 21:43:26 - train: epoch 181, iter:20, loss: 0.2093, lr: 0.0006579634122155985
2024-06-21 21:45:53 - val epoch: 181, loss: 0.2925
2024-06-21 21:46:00 - train: epoch 182, iter:0, loss: 0.2076, lr: 0.000687221653578915
2024-06-21 21:48:13 - train: epoch 182, iter:20, loss: 0.2135, lr: 0.000687221653578915
2024-06-21 21:50:41 - val epoch: 182, loss: 0.3301
2024-06-21 21:50:47 - train: epoch 183, iter:0, loss: 0.2265, lr: 0.0007157607493247102
2024-06-21 21:52:59 - train: epoch 183, iter:20, loss: 0.2260, lr: 0.0007157607493247102
2024-06-21 21:55:35 - val epoch: 183, loss: 0.4131
2024-06-21 21:55:42 - train: epoch 184, iter:0, loss: 0.4104, lr: 0.0007434680686803483
2024-06-21 21:57:53 - train: epoch 184, iter:20, loss: 0.2821, lr: 0.0007434680686803483
2024-06-21 22:00:32 - val epoch: 184, loss: 0.3622
2024-06-21 22:00:39 - train: epoch 185, iter:0, loss: 0.2420, lr: 0.0007702342635146025
2024-06-21 22:02:53 - train: epoch 185, iter:20, loss: 0.3764, lr: 0.0007702342635146025
2024-06-21 22:05:28 - val epoch: 185, loss: 0.3818
2024-06-21 22:05:34 - train: epoch 186, iter:0, loss: 0.3480, lr: 0.000795953699884774
2024-06-21 22:07:44 - train: epoch 186, iter:20, loss: 0.3145, lr: 0.000795953699884774
2024-06-21 22:10:15 - val epoch: 186, loss: 0.3236
2024-06-21 22:10:22 - train: epoch 187, iter:0, loss: 0.2546, lr: 0.000820524874925601
2024-06-21 22:12:34 - train: epoch 187, iter:20, loss: 0.2446, lr: 0.000820524874925601
2024-06-21 22:15:07 - val epoch: 187, loss: 0.2962
2024-06-21 22:15:14 - train: epoch 188, iter:0, loss: 0.3604, lr: 0.0008438508174347011
2024-06-21 22:17:25 - train: epoch 188, iter:20, loss: 0.2465, lr: 0.0008438508174347011
2024-06-21 22:19:59 - val epoch: 188, loss: 0.3001
2024-06-21 22:20:07 - train: epoch 189, iter:0, loss: 0.2093, lr: 0.0008658394705735988
2024-06-21 22:22:20 - train: epoch 189, iter:20, loss: 0.2271, lr: 0.0008658394705735988
2024-06-21 22:24:56 - val epoch: 189, loss: 0.2921
2024-06-21 22:25:02 - train: epoch 190, iter:0, loss: 0.2026, lr: 0.0008864040551740157
2024-06-21 22:27:08 - train: epoch 190, iter:20, loss: 0.2326, lr: 0.0008864040551740157
2024-06-21 22:28:53 - val epoch: 190, loss: 0.3002
2024-06-21 22:28:57 - train: epoch 191, iter:0, loss: 0.1999, lr: 0.0009054634122155989
2024-06-21 22:30:39 - train: epoch 191, iter:20, loss: 0.2304, lr: 0.0009054634122155989
2024-06-21 22:32:25 - val epoch: 191, loss: 0.2749
2024-06-21 22:32:30 - train: epoch 192, iter:0, loss: 0.2240, lr: 0.0009229423231234973
2024-06-21 22:34:01 - train: epoch 192, iter:20, loss: 0.2104, lr: 0.0009229423231234973
2024-06-21 22:35:53 - val epoch: 192, loss: 0.2879
2024-06-21 22:35:58 - train: epoch 193, iter:0, loss: 0.2046, lr: 0.0009387718066217124
2024-06-21 22:37:24 - train: epoch 193, iter:20, loss: 0.2153, lr: 0.0009387718066217124
2024-06-21 22:39:11 - val epoch: 193, loss: 0.2873
2024-06-21 22:39:15 - train: epoch 194, iter:0, loss: 0.2098, lr: 0.0009528893909706795
2024-06-21 22:40:52 - train: epoch 194, iter:20, loss: 0.2158, lr: 0.0009528893909706795
2024-06-21 22:42:38 - val epoch: 194, loss: 0.2863
2024-06-21 22:42:42 - train: epoch 195, iter:0, loss: 0.2117, lr: 0.0009652393605146845
2024-06-21 22:44:24 - train: epoch 195, iter:20, loss: 0.2339, lr: 0.0009652393605146845
2024-06-21 22:46:14 - val epoch: 195, loss: 0.3234
2024-06-21 22:46:19 - train: epoch 196, iter:0, loss: 0.2072, lr: 0.0009757729755661011
2024-06-21 22:47:51 - train: epoch 196, iter:20, loss: 0.2142, lr: 0.0009757729755661011
2024-06-21 22:49:44 - val epoch: 196, loss: 0.2934
2024-06-21 22:49:48 - train: epoch 197, iter:0, loss: 0.2391, lr: 0.0009844486647586726
2024-06-21 22:51:30 - train: epoch 197, iter:20, loss: 0.2137, lr: 0.0009844486647586726
2024-06-21 22:53:10 - val epoch: 197, loss: 0.3046
2024-06-21 22:53:14 - train: epoch 198, iter:0, loss: 0.1914, lr: 0.000991232189110701
2024-06-21 22:54:52 - train: epoch 198, iter:20, loss: 0.2209, lr: 0.000991232189110701
2024-06-21 22:56:43 - val epoch: 198, loss: 0.2837
2024-06-21 22:56:47 - train: epoch 199, iter:0, loss: 0.1992, lr: 0.0009960967771506667
2024-06-21 22:58:24 - train: epoch 199, iter:20, loss: 0.2078, lr: 0.0009960967771506667
2024-06-21 23:00:09 - val epoch: 199, loss: 0.2834
2024-06-21 23:00:14 - train: epoch 200, iter:0, loss: 0.1895, lr: 0.0009990232305719944
2024-06-21 23:01:50 - train: epoch 200, iter:20, loss: 0.1953, lr: 0.0009990232305719944
2024-06-21 23:03:45 - val epoch: 200, loss: 0.2781
2024-06-21 23:03:48 - train: epoch 201, iter:0, loss: 0.2166, lr: 0.001
2024-06-21 23:05:23 - train: epoch 201, iter:20, loss: 0.2134, lr: 0.001
2024-06-21 23:07:09 - val epoch: 201, loss: 0.2723
2024-06-21 23:07:14 - train: epoch 202, iter:0, loss: 0.1994, lr: 0.0009990232305719946
2024-06-21 23:08:52 - train: epoch 202, iter:20, loss: 0.2008, lr: 0.0009990232305719946
2024-06-21 23:10:40 - val epoch: 202, loss: 0.2748
2024-06-21 23:10:44 - train: epoch 203, iter:0, loss: 0.1958, lr: 0.0009960967771506667
2024-06-21 23:12:25 - train: epoch 203, iter:20, loss: 0.2007, lr: 0.0009960967771506667
2024-06-21 23:14:08 - val epoch: 203, loss: 0.2789
2024-06-21 23:14:12 - train: epoch 204, iter:0, loss: 0.1984, lr: 0.000991232189110701
2024-06-21 23:15:50 - train: epoch 204, iter:20, loss: 0.2046, lr: 0.000991232189110701
2024-06-21 23:17:35 - val epoch: 204, loss: 0.2787
2024-06-21 23:17:39 - train: epoch 205, iter:0, loss: 0.2089, lr: 0.0009844486647586723
2024-06-21 23:19:12 - train: epoch 205, iter:20, loss: 0.2021, lr: 0.0009844486647586723
2024-06-21 23:21:02 - val epoch: 205, loss: 0.2771
2024-06-21 23:21:06 - train: epoch 206, iter:0, loss: 0.1946, lr: 0.0009757729755661011
2024-06-21 23:22:40 - train: epoch 206, iter:20, loss: 0.2071, lr: 0.0009757729755661011
2024-06-21 23:24:29 - val epoch: 206, loss: 0.2861
2024-06-21 23:24:33 - train: epoch 207, iter:0, loss: 0.2175, lr: 0.0009652393605146846
2024-06-21 23:26:13 - train: epoch 207, iter:20, loss: 0.2088, lr: 0.0009652393605146846
2024-06-21 23:28:04 - val epoch: 207, loss: 0.3001
2024-06-21 23:28:08 - train: epoch 208, iter:0, loss: 0.2398, lr: 0.0009528893909706799
2024-06-21 23:29:44 - train: epoch 208, iter:20, loss: 0.2083, lr: 0.0009528893909706799
2024-06-21 23:31:35 - val epoch: 208, loss: 0.2778
2024-06-21 23:31:39 - train: epoch 209, iter:0, loss: 0.2100, lr: 0.0009387718066217124
2024-06-21 23:33:19 - train: epoch 209, iter:20, loss: 0.2041, lr: 0.0009387718066217124
2024-06-21 23:35:16 - val epoch: 209, loss: 0.2707
2024-06-21 23:35:20 - train: epoch 210, iter:0, loss: 0.1691, lr: 0.0009229423231234975
2024-06-21 23:36:56 - train: epoch 210, iter:20, loss: 0.1928, lr: 0.0009229423231234975
2024-06-21 23:38:46 - val epoch: 210, loss: 0.2770, miou: 0.8986636185406666, f1_or_dsc: 0.9466275223953458, accuracy: 0.9907043694522131,                 specificity: 0.9941486108572123, sensitivity: 0.9542775608559176, confusion_matrix: [[15297759    90040]
 [   66524  1388429]]
2024-06-21 23:38:50 - train: epoch 211, iter:0, loss: 0.1820, lr: 0.0009054634122155992
2024-06-21 23:40:18 - train: epoch 211, iter:20, loss: 0.2076, lr: 0.0009054634122155992
2024-06-21 23:42:12 - val epoch: 211, loss: 0.2874
2024-06-21 23:42:16 - train: epoch 212, iter:0, loss: 0.2011, lr: 0.000886404055174016
2024-06-21 23:43:56 - train: epoch 212, iter:20, loss: 0.1925, lr: 0.000886404055174016
2024-06-21 23:45:38 - val epoch: 212, loss: 0.2706
2024-06-21 23:45:43 - train: epoch 213, iter:0, loss: 0.2071, lr: 0.0008658394705735985
2024-06-21 23:47:15 - train: epoch 213, iter:20, loss: 0.1965, lr: 0.0008658394705735985
2024-06-21 23:49:08 - val epoch: 213, loss: 0.2689
2024-06-21 23:49:12 - train: epoch 214, iter:0, loss: 0.1966, lr: 0.0008438508174347008
2024-06-21 23:50:49 - train: epoch 214, iter:20, loss: 0.2009, lr: 0.0008438508174347008
2024-06-21 23:52:40 - val epoch: 214, loss: 0.2670
2024-06-21 23:52:44 - train: epoch 215, iter:0, loss: 0.2163, lr: 0.0008205248749256014
2024-06-21 23:54:22 - train: epoch 215, iter:20, loss: 0.1933, lr: 0.0008205248749256014
2024-06-21 23:56:15 - val epoch: 215, loss: 0.2630
2024-06-21 23:56:19 - train: epoch 216, iter:0, loss: 0.2236, lr: 0.0007959536998847743
2024-06-21 23:58:04 - train: epoch 216, iter:20, loss: 0.1903, lr: 0.0007959536998847743
2024-06-21 23:59:52 - val epoch: 216, loss: 0.2633
2024-06-21 23:59:56 - train: epoch 217, iter:0, loss: 0.1968, lr: 0.0007702342635146037
2024-06-22 00:01:38 - train: epoch 217, iter:20, loss: 0.1886, lr: 0.0007702342635146037
2024-06-22 00:03:28 - val epoch: 217, loss: 0.2654
2024-06-22 00:03:33 - train: epoch 218, iter:0, loss: 0.1782, lr: 0.0007434680686803494
2024-06-22 00:05:08 - train: epoch 218, iter:20, loss: 0.1771, lr: 0.0007434680686803494
2024-06-22 00:06:55 - val epoch: 218, loss: 0.2664
2024-06-22 00:06:59 - train: epoch 219, iter:0, loss: 0.1701, lr: 0.0007157607493247116
2024-06-22 00:08:29 - train: epoch 219, iter:20, loss: 0.1864, lr: 0.0007157607493247116
2024-06-22 00:10:18 - val epoch: 219, loss: 0.2629
2024-06-22 00:10:22 - train: epoch 220, iter:0, loss: 0.1797, lr: 0.0006872216535789156
2024-06-22 00:11:54 - train: epoch 220, iter:20, loss: 0.1820, lr: 0.0006872216535789156
2024-06-22 00:13:42 - val epoch: 220, loss: 0.2713
2024-06-22 00:13:46 - train: epoch 221, iter:0, loss: 0.2140, lr: 0.0006579634122155991
2024-06-22 00:15:21 - train: epoch 221, iter:20, loss: 0.1807, lr: 0.0006579634122155991
2024-06-22 00:17:11 - val epoch: 221, loss: 0.2658
2024-06-22 00:17:14 - train: epoch 222, iter:0, loss: 0.1608, lr: 0.0006281014941466026
2024-06-22 00:18:46 - train: epoch 222, iter:20, loss: 0.1754, lr: 0.0006281014941466026
2024-06-22 00:20:34 - val epoch: 222, loss: 0.2657
2024-06-22 00:20:38 - train: epoch 223, iter:0, loss: 0.1725, lr: 0.0005977537507199333
2024-06-22 00:22:08 - train: epoch 223, iter:20, loss: 0.1777, lr: 0.0005977537507199333
2024-06-22 00:24:00 - val epoch: 223, loss: 0.2630
2024-06-22 00:24:05 - train: epoch 224, iter:0, loss: 0.1727, lr: 0.0005670399506143304
2024-06-22 00:25:45 - train: epoch 224, iter:20, loss: 0.1753, lr: 0.0005670399506143304
2024-06-22 00:27:36 - val epoch: 224, loss: 0.2624
2024-06-22 00:27:40 - train: epoch 225, iter:0, loss: 0.1995, lr: 0.00053608130716701
2024-06-22 00:29:18 - train: epoch 225, iter:20, loss: 0.1711, lr: 0.00053608130716701
2024-06-22 00:31:12 - val epoch: 225, loss: 0.2652
2024-06-22 00:31:16 - train: epoch 226, iter:0, loss: 0.1605, lr: 0.0005050000000000001
2024-06-22 00:32:51 - train: epoch 226, iter:20, loss: 0.1760, lr: 0.0005050000000000001
2024-06-22 00:34:47 - val epoch: 226, loss: 0.2629
2024-06-22 00:34:52 - train: epoch 227, iter:0, loss: 0.2065, lr: 0.00047391869283299024
2024-06-22 00:36:27 - train: epoch 227, iter:20, loss: 0.1676, lr: 0.00047391869283299024
2024-06-22 00:38:23 - val epoch: 227, loss: 0.2646
2024-06-22 00:38:28 - train: epoch 228, iter:0, loss: 0.1773, lr: 0.00044296004938567
2024-06-22 00:40:06 - train: epoch 228, iter:20, loss: 0.1720, lr: 0.00044296004938567
2024-06-22 00:41:54 - val epoch: 228, loss: 0.2607
2024-06-22 00:41:58 - train: epoch 229, iter:0, loss: 0.1579, lr: 0.00041224624928006703
2024-06-22 00:43:42 - train: epoch 229, iter:20, loss: 0.1695, lr: 0.00041224624928006703
2024-06-22 00:45:31 - val epoch: 229, loss: 0.2624
2024-06-22 00:45:35 - train: epoch 230, iter:0, loss: 0.1795, lr: 0.0003818985058533978
2024-06-22 00:47:06 - train: epoch 230, iter:20, loss: 0.1656, lr: 0.0003818985058533978
2024-06-22 00:48:57 - val epoch: 230, loss: 0.2648
2024-06-22 00:49:02 - train: epoch 231, iter:0, loss: 0.1658, lr: 0.0003520365877844004
2024-06-22 00:50:48 - train: epoch 231, iter:20, loss: 0.1665, lr: 0.0003520365877844004
2024-06-22 00:52:38 - val epoch: 231, loss: 0.2598
2024-06-22 00:52:42 - train: epoch 232, iter:0, loss: 0.1608, lr: 0.00032277834642108395
2024-06-22 00:54:22 - train: epoch 232, iter:20, loss: 0.1652, lr: 0.00032277834642108395
2024-06-22 00:56:16 - val epoch: 232, loss: 0.2639
2024-06-22 00:56:20 - train: epoch 233, iter:0, loss: 0.1666, lr: 0.0002942392506752888
2024-06-22 00:58:01 - train: epoch 233, iter:20, loss: 0.1644, lr: 0.0002942392506752888
2024-06-22 00:59:47 - val epoch: 233, loss: 0.2615
2024-06-22 00:59:51 - train: epoch 234, iter:0, loss: 0.1937, lr: 0.0002665319313196508
2024-06-22 01:01:27 - train: epoch 234, iter:20, loss: 0.1633, lr: 0.0002665319313196508
2024-06-22 01:03:18 - val epoch: 234, loss: 0.2630
2024-06-22 01:03:22 - train: epoch 235, iter:0, loss: 0.1944, lr: 0.0002397657364853967
2024-06-22 01:04:48 - train: epoch 235, iter:20, loss: 0.1640, lr: 0.0002397657364853967
2024-06-22 01:06:35 - val epoch: 235, loss: 0.2609
2024-06-22 01:06:38 - train: epoch 236, iter:0, loss: 0.1780, lr: 0.00021404630011522595
2024-06-22 01:08:08 - train: epoch 236, iter:20, loss: 0.1609, lr: 0.00021404630011522595
2024-06-22 01:09:55 - val epoch: 236, loss: 0.2648
2024-06-22 01:09:59 - train: epoch 237, iter:0, loss: 0.1450, lr: 0.0001894751250743989
2024-06-22 01:11:28 - train: epoch 237, iter:20, loss: 0.1636, lr: 0.0001894751250743989
2024-06-22 01:13:16 - val epoch: 237, loss: 0.2618
2024-06-22 01:13:20 - train: epoch 238, iter:0, loss: 0.1430, lr: 0.00016614918256529953
2024-06-22 01:14:48 - train: epoch 238, iter:20, loss: 0.1624, lr: 0.00016614918256529953
2024-06-22 01:16:39 - val epoch: 238, loss: 0.2604
2024-06-22 01:16:43 - train: epoch 239, iter:0, loss: 0.1522, lr: 0.0001441605294264018
2024-06-22 01:18:26 - train: epoch 239, iter:20, loss: 0.1601, lr: 0.0001441605294264018
2024-06-22 01:20:19 - val epoch: 239, loss: 0.2602
2024-06-22 01:20:24 - train: epoch 240, iter:0, loss: 0.1728, lr: 0.00012359594482598497
2024-06-22 01:21:58 - train: epoch 240, iter:20, loss: 0.1570, lr: 0.00012359594482598497
2024-06-22 01:23:47 - val epoch: 240, loss: 0.2603, miou: 0.9072048722242979, f1_or_dsc: 0.951344960823491, accuracy: 0.9915651551480423,                 specificity: 0.9950603071953306, sensitivity: 0.9545999080382666, confusion_matrix: [[15311788    76011]
 [   66055  1388898]]
2024-06-22 01:23:51 - train: epoch 241, iter:0, loss: 0.1730, lr: 0.00010453658778440172
2024-06-22 01:25:26 - train: epoch 241, iter:20, loss: 0.1591, lr: 0.00010453658778440172
2024-06-22 01:27:17 - val epoch: 241, loss: 0.2595
2024-06-22 01:27:21 - train: epoch 242, iter:0, loss: 0.1588, lr: 8.705767687650232e-05
2024-06-22 01:28:59 - train: epoch 242, iter:20, loss: 0.1597, lr: 8.705767687650232e-05
2024-06-22 01:30:55 - val epoch: 242, loss: 0.2592
2024-06-22 01:30:59 - train: epoch 243, iter:0, loss: 0.1480, lr: 7.122819337828741e-05
2024-06-22 01:32:33 - train: epoch 243, iter:20, loss: 0.1568, lr: 7.122819337828741e-05
2024-06-22 01:34:24 - val epoch: 243, loss: 0.2567
2024-06-22 01:34:29 - train: epoch 244, iter:0, loss: 0.1591, lr: 5.711060902932031e-05
2024-06-22 01:36:01 - train: epoch 244, iter:20, loss: 0.1593, lr: 5.711060902932031e-05
2024-06-22 01:37:56 - val epoch: 244, loss: 0.2578
2024-06-22 01:38:00 - train: epoch 245, iter:0, loss: 0.1669, lr: 4.4760639485315584e-05
2024-06-22 01:39:32 - train: epoch 245, iter:20, loss: 0.1581, lr: 4.4760639485315584e-05
2024-06-22 01:41:19 - val epoch: 245, loss: 0.2579
2024-06-22 01:41:22 - train: epoch 246, iter:0, loss: 0.1591, lr: 3.422702443389906e-05
2024-06-22 01:43:03 - train: epoch 246, iter:20, loss: 0.1529, lr: 3.422702443389906e-05
2024-06-22 01:44:53 - val epoch: 246, loss: 0.2591
2024-06-22 01:44:57 - train: epoch 247, iter:0, loss: 0.1464, lr: 2.5551335241327733e-05
2024-06-22 01:46:34 - train: epoch 247, iter:20, loss: 0.1584, lr: 2.5551335241327733e-05
2024-06-22 01:48:22 - val epoch: 247, loss: 0.2586
2024-06-22 01:48:27 - train: epoch 248, iter:0, loss: 0.1586, lr: 1.8767810889299255e-05
2024-06-22 01:49:58 - train: epoch 248, iter:20, loss: 0.1570, lr: 1.8767810889299255e-05
2024-06-22 01:51:46 - val epoch: 248, loss: 0.2589
2024-06-22 01:51:50 - train: epoch 249, iter:0, loss: 0.1841, lr: 1.3903222849333564e-05
2024-06-22 01:53:29 - train: epoch 249, iter:20, loss: 0.1558, lr: 1.3903222849333564e-05
2024-06-22 01:55:18 - val epoch: 249, loss: 0.2592
2024-06-22 01:55:23 - train: epoch 250, iter:0, loss: 0.1602, lr: 1.0976769428005635e-05
2024-06-22 01:57:08 - train: epoch 250, iter:20, loss: 0.1582, lr: 1.0976769428005635e-05
2024-06-22 01:58:59 - val epoch: 250, loss: 0.2591
2024-06-22 01:59:03 - train: epoch 251, iter:0, loss: 0.1570, lr: 1e-05
2024-06-22 02:00:38 - train: epoch 251, iter:20, loss: 0.1580, lr: 1e-05
2024-06-22 02:02:25 - val epoch: 251, loss: 0.2588
2024-06-22 02:02:30 - train: epoch 252, iter:0, loss: 0.1475, lr: 1.0976769428005579e-05
2024-06-22 02:04:08 - train: epoch 252, iter:20, loss: 0.1616, lr: 1.0976769428005579e-05
2024-06-22 02:06:02 - val epoch: 252, loss: 0.2591
2024-06-22 02:06:06 - train: epoch 253, iter:0, loss: 0.1501, lr: 1.3903222849333505e-05
2024-06-22 02:07:34 - train: epoch 253, iter:20, loss: 0.1554, lr: 1.3903222849333505e-05
2024-06-22 02:09:24 - val epoch: 253, loss: 0.2591
2024-06-22 02:09:29 - train: epoch 254, iter:0, loss: 0.1495, lr: 1.8767810889299133e-05
2024-06-22 02:10:58 - train: epoch 254, iter:20, loss: 0.1577, lr: 1.8767810889299133e-05
2024-06-22 02:12:55 - val epoch: 254, loss: 0.2598
2024-06-22 02:13:00 - train: epoch 255, iter:0, loss: 0.1426, lr: 2.555133524132755e-05
2024-06-22 02:14:38 - train: epoch 255, iter:20, loss: 0.1554, lr: 2.555133524132755e-05
2024-06-22 02:16:27 - val epoch: 255, loss: 0.2586
2024-06-22 02:16:32 - train: epoch 256, iter:0, loss: 0.1500, lr: 3.422702443389915e-05
2024-06-22 02:18:04 - train: epoch 256, iter:20, loss: 0.1508, lr: 3.422702443389915e-05
2024-06-22 02:19:59 - val epoch: 256, loss: 0.2598
2024-06-22 02:20:04 - train: epoch 257, iter:0, loss: 0.1442, lr: 4.4760639485315665e-05
2024-06-22 02:21:38 - train: epoch 257, iter:20, loss: 0.1547, lr: 4.4760639485315665e-05
2024-06-22 02:23:29 - val epoch: 257, loss: 0.2605
2024-06-22 02:23:33 - train: epoch 258, iter:0, loss: 0.1515, lr: 5.7110609029320384e-05
2024-06-22 02:25:15 - train: epoch 258, iter:20, loss: 0.1558, lr: 5.7110609029320384e-05
2024-06-22 02:27:07 - val epoch: 258, loss: 0.2617
2024-06-22 02:27:11 - train: epoch 259, iter:0, loss: 0.1408, lr: 7.122819337828748e-05
2024-06-22 02:28:46 - train: epoch 259, iter:20, loss: 0.1554, lr: 7.122819337828748e-05
2024-06-22 02:30:36 - val epoch: 259, loss: 0.2610
2024-06-22 02:30:41 - train: epoch 260, iter:0, loss: 0.1502, lr: 8.705767687650243e-05
2024-06-22 02:32:24 - train: epoch 260, iter:20, loss: 0.1571, lr: 8.705767687650243e-05
2024-06-22 02:34:14 - val epoch: 260, loss: 0.2594
2024-06-22 02:34:19 - train: epoch 261, iter:0, loss: 0.1697, lr: 0.00010453658778440077
2024-06-22 02:35:54 - train: epoch 261, iter:20, loss: 0.1557, lr: 0.00010453658778440077
2024-06-22 02:37:46 - val epoch: 261, loss: 0.2607
2024-06-22 02:37:50 - train: epoch 262, iter:0, loss: 0.1521, lr: 0.00012359594482598397
2024-06-22 02:39:26 - train: epoch 262, iter:20, loss: 0.1558, lr: 0.00012359594482598397
2024-06-22 02:41:12 - val epoch: 262, loss: 0.2611
2024-06-22 02:41:16 - train: epoch 263, iter:0, loss: 0.1883, lr: 0.00014416052942640075
2024-06-22 02:42:57 - train: epoch 263, iter:20, loss: 0.1570, lr: 0.00014416052942640075
2024-06-22 02:44:41 - val epoch: 263, loss: 0.2639
2024-06-22 02:44:45 - train: epoch 264, iter:0, loss: 0.1486, lr: 0.00016614918256529967
2024-06-22 02:46:12 - train: epoch 264, iter:20, loss: 0.1582, lr: 0.00016614918256529967
2024-06-22 02:48:05 - val epoch: 264, loss: 0.2642
2024-06-22 02:48:10 - train: epoch 265, iter:0, loss: 0.1463, lr: 0.00018947512507439904
2024-06-22 02:49:44 - train: epoch 265, iter:20, loss: 0.1598, lr: 0.00018947512507439904
2024-06-22 02:51:32 - val epoch: 265, loss: 0.2603
2024-06-22 02:51:36 - train: epoch 266, iter:0, loss: 0.2067, lr: 0.00021404630011522606
2024-06-22 02:53:08 - train: epoch 266, iter:20, loss: 0.1580, lr: 0.00021404630011522606
2024-06-22 02:55:03 - val epoch: 266, loss: 0.2636
2024-06-22 02:55:08 - train: epoch 267, iter:0, loss: 0.1435, lr: 0.00023976573648539678
2024-06-22 02:56:46 - train: epoch 267, iter:20, loss: 0.1523, lr: 0.00023976573648539678
2024-06-22 02:58:38 - val epoch: 267, loss: 0.2613
2024-06-22 02:58:42 - train: epoch 268, iter:0, loss: 0.1571, lr: 0.0002665319313196509
2024-06-22 03:00:20 - train: epoch 268, iter:20, loss: 0.1601, lr: 0.0002665319313196509
2024-06-22 03:02:12 - val epoch: 268, loss: 0.2652
2024-06-22 03:02:16 - train: epoch 269, iter:0, loss: 0.1872, lr: 0.0002942392506752888
2024-06-22 03:03:48 - train: epoch 269, iter:20, loss: 0.1584, lr: 0.0002942392506752888
2024-06-22 03:05:38 - val epoch: 269, loss: 0.2660
2024-06-22 03:05:42 - train: epoch 270, iter:0, loss: 0.1447, lr: 0.000322778346421084
2024-06-22 03:07:20 - train: epoch 270, iter:20, loss: 0.1589, lr: 0.000322778346421084
2024-06-22 03:09:13 - val epoch: 270, loss: 0.2686, miou: 0.9044899467741588, f1_or_dsc: 0.9498500617513802, accuracy: 0.9913159084691148,                 specificity: 0.9950320380452071, sensitivity: 0.9520135701978002, confusion_matrix: [[15311353    76446]
 [   69818  1385135]]
2024-06-22 03:09:18 - train: epoch 271, iter:0, loss: 0.1531, lr: 0.00035203658778440043
2024-06-22 03:10:48 - train: epoch 271, iter:20, loss: 0.1620, lr: 0.00035203658778440043
2024-06-22 03:12:44 - val epoch: 271, loss: 0.2648
2024-06-22 03:12:48 - train: epoch 272, iter:0, loss: 0.1395, lr: 0.0003818985058533961
2024-06-22 03:14:28 - train: epoch 272, iter:20, loss: 0.1570, lr: 0.0003818985058533961
2024-06-22 03:16:17 - val epoch: 272, loss: 0.2671
2024-06-22 03:16:20 - train: epoch 273, iter:0, loss: 0.1439, lr: 0.00041224624928006703
2024-06-22 03:18:01 - train: epoch 273, iter:20, loss: 0.1649, lr: 0.00041224624928006703
2024-06-22 03:19:59 - val epoch: 273, loss: 0.2625
2024-06-22 03:20:03 - train: epoch 274, iter:0, loss: 0.1529, lr: 0.00044296004938566987
2024-06-22 03:21:50 - train: epoch 274, iter:20, loss: 0.1649, lr: 0.00044296004938566987
2024-06-22 03:23:38 - val epoch: 274, loss: 0.2814
2024-06-22 03:23:42 - train: epoch 275, iter:0, loss: 0.1597, lr: 0.0004739186928329902
2024-06-22 03:25:19 - train: epoch 275, iter:20, loss: 0.1669, lr: 0.0004739186928329902
2024-06-22 03:27:04 - val epoch: 275, loss: 0.2745
2024-06-22 03:27:07 - train: epoch 276, iter:0, loss: 0.1575, lr: 0.000505
2024-06-22 03:28:41 - train: epoch 276, iter:20, loss: 0.1672, lr: 0.000505
2024-06-22 03:30:33 - val epoch: 276, loss: 0.2673
2024-06-22 03:30:37 - train: epoch 277, iter:0, loss: 0.1513, lr: 0.0005360813071670099
2024-06-22 03:32:13 - train: epoch 277, iter:20, loss: 0.1609, lr: 0.0005360813071670099
2024-06-22 03:33:57 - val epoch: 277, loss: 0.2683
2024-06-22 03:34:01 - train: epoch 278, iter:0, loss: 0.1759, lr: 0.0005670399506143303
2024-06-22 03:35:45 - train: epoch 278, iter:20, loss: 0.1671, lr: 0.0005670399506143303
2024-06-22 03:37:43 - val epoch: 278, loss: 0.2870
2024-06-22 03:37:47 - train: epoch 279, iter:0, loss: 0.1777, lr: 0.0005977537507199331
2024-06-22 03:39:25 - train: epoch 279, iter:20, loss: 0.1690, lr: 0.0005977537507199331
2024-06-22 03:41:18 - val epoch: 279, loss: 0.2740
2024-06-22 03:41:23 - train: epoch 280, iter:0, loss: 0.1831, lr: 0.0006281014941466024
2024-06-22 03:43:01 - train: epoch 280, iter:20, loss: 0.1695, lr: 0.0006281014941466024
2024-06-22 03:44:47 - val epoch: 280, loss: 0.2787
2024-06-22 03:44:51 - train: epoch 281, iter:0, loss: 0.1518, lr: 0.000657963412215598
2024-06-22 03:46:37 - train: epoch 281, iter:20, loss: 0.1753, lr: 0.000657963412215598
2024-06-22 03:48:25 - val epoch: 281, loss: 0.2765
2024-06-22 03:48:29 - train: epoch 282, iter:0, loss: 0.2096, lr: 0.0006872216535789145
2024-06-22 03:50:02 - train: epoch 282, iter:20, loss: 0.1728, lr: 0.0006872216535789145
2024-06-22 03:51:56 - val epoch: 282, loss: 0.2706
2024-06-22 03:52:01 - train: epoch 283, iter:0, loss: 0.1820, lr: 0.0007157607493247098
2024-06-22 03:53:36 - train: epoch 283, iter:20, loss: 0.1698, lr: 0.0007157607493247098
2024-06-22 03:55:20 - val epoch: 283, loss: 0.2897
2024-06-22 03:55:24 - train: epoch 284, iter:0, loss: 0.1570, lr: 0.0007434680686803492
2024-06-22 03:57:03 - train: epoch 284, iter:20, loss: 0.1791, lr: 0.0007434680686803492
2024-06-22 03:58:51 - val epoch: 284, loss: 0.2902
2024-06-22 03:58:55 - train: epoch 285, iter:0, loss: 0.2036, lr: 0.0007702342635146034
2024-06-22 04:00:26 - train: epoch 285, iter:20, loss: 0.1807, lr: 0.0007702342635146034
2024-06-22 04:02:23 - val epoch: 285, loss: 0.3037
2024-06-22 04:02:27 - train: epoch 286, iter:0, loss: 0.1978, lr: 0.0007959536998847742
2024-06-22 04:04:06 - train: epoch 286, iter:20, loss: 0.2098, lr: 0.0007959536998847742
2024-06-22 04:05:51 - val epoch: 286, loss: 0.3003
2024-06-22 04:05:55 - train: epoch 287, iter:0, loss: 0.2038, lr: 0.0008205248749256013
2024-06-22 04:07:29 - train: epoch 287, iter:20, loss: 0.1893, lr: 0.0008205248749256013
2024-06-22 04:09:21 - val epoch: 287, loss: 0.2768
2024-06-22 04:09:25 - train: epoch 288, iter:0, loss: 0.1817, lr: 0.0008438508174347006
2024-06-22 04:11:00 - train: epoch 288, iter:20, loss: 0.1836, lr: 0.0008438508174347006
2024-06-22 04:12:54 - val epoch: 288, loss: 0.2836
2024-06-22 04:12:58 - train: epoch 289, iter:0, loss: 0.1893, lr: 0.0008658394705735983
2024-06-22 04:14:38 - train: epoch 289, iter:20, loss: 0.1970, lr: 0.0008658394705735983
2024-06-22 04:16:32 - val epoch: 289, loss: 0.2709
2024-06-22 04:16:36 - train: epoch 290, iter:0, loss: 0.2170, lr: 0.0008864040551740151
2024-06-22 04:18:07 - train: epoch 290, iter:20, loss: 0.1911, lr: 0.0008864040551740151
2024-06-22 04:19:53 - val epoch: 290, loss: 0.2717
2024-06-22 04:19:57 - train: epoch 291, iter:0, loss: 0.1887, lr: 0.0009054634122155984
2024-06-22 04:21:31 - train: epoch 291, iter:20, loss: 0.1856, lr: 0.0009054634122155984
2024-06-22 04:23:23 - val epoch: 291, loss: 0.2709
2024-06-22 04:23:27 - train: epoch 292, iter:0, loss: 0.1713, lr: 0.0009229423231234968
2024-06-22 04:25:01 - train: epoch 292, iter:20, loss: 0.1834, lr: 0.0009229423231234968
2024-06-22 04:26:52 - val epoch: 292, loss: 0.2768
2024-06-22 04:26:56 - train: epoch 293, iter:0, loss: 0.1709, lr: 0.0009387718066217118
2024-06-22 04:28:37 - train: epoch 293, iter:20, loss: 0.1831, lr: 0.0009387718066217118
2024-06-22 04:30:28 - val epoch: 293, loss: 0.2720
2024-06-22 04:30:32 - train: epoch 294, iter:0, loss: 0.1729, lr: 0.000952889390970679
2024-06-22 04:32:09 - train: epoch 294, iter:20, loss: 0.1843, lr: 0.000952889390970679
2024-06-22 04:33:59 - val epoch: 294, loss: 0.2678
2024-06-22 04:34:03 - train: epoch 295, iter:0, loss: 0.1898, lr: 0.0009652393605146844
2024-06-22 04:35:38 - train: epoch 295, iter:20, loss: 0.1779, lr: 0.0009652393605146844
2024-06-22 04:37:25 - val epoch: 295, loss: 0.2662
2024-06-22 04:37:30 - train: epoch 296, iter:0, loss: 0.1960, lr: 0.000975772975566101
2024-06-22 04:39:01 - train: epoch 296, iter:20, loss: 0.1830, lr: 0.000975772975566101
2024-06-22 04:40:48 - val epoch: 296, loss: 0.2950
2024-06-22 04:40:53 - train: epoch 297, iter:0, loss: 0.1871, lr: 0.0009844486647586721
2024-06-22 04:42:31 - train: epoch 297, iter:20, loss: 0.2669, lr: 0.0009844486647586721
2024-06-22 04:44:15 - val epoch: 297, loss: 0.3812
2024-06-22 04:44:20 - train: epoch 298, iter:0, loss: 0.2799, lr: 0.0009912321891107007
2024-06-22 04:45:47 - train: epoch 298, iter:20, loss: 0.2665, lr: 0.0009912321891107007
2024-06-22 04:47:38 - val epoch: 298, loss: 0.3358
2024-06-22 04:47:42 - train: epoch 299, iter:0, loss: 0.2311, lr: 0.0009960967771506662
2024-06-22 04:49:21 - train: epoch 299, iter:20, loss: 0.2303, lr: 0.0009960967771506662
2024-06-22 04:51:11 - val epoch: 299, loss: 0.2945
2024-06-22 04:51:14 - train: epoch 300, iter:0, loss: 0.1795, lr: 0.000999023230571994
2024-06-22 04:52:46 - train: epoch 300, iter:20, loss: 0.2083, lr: 0.000999023230571994
2024-06-22 04:54:33 - val epoch: 300, loss: 0.2733, miou: 0.8990516811167093, f1_or_dsc: 0.9468427742714566, accuracy: 0.990860341587883,                 specificity: 0.9954538007677382, sensitivity: 0.9422792351368051, confusion_matrix: [[15317843    69956]
 [   83981  1370972]]
2024-06-22 04:55:44 - test of best model, loss: 0.2567,miou: 0.9084499384932617, f1_or_dsc: 0.9520290998154147, accuracy: 0.9917017124042437,                 specificity: 0.9953398793420684, sensitivity: 0.9532239185733148, confusion_matrix: [[15316090    71709]
 [   68057  1386896]]
